{"uid":"f3090f60e9403fe4","name":"Verify Logout","fullName":"SRC.tests.tests_ui.test_login.TestLogin#test_logout","historyId":"4fcbf7f06c5b3f76c9e302a0481281b5","time":{"start":1758991651287,"stop":1758991669368,"duration":18081},"description":"Verify that the user can logout.","descriptionHtml":"<p>Verify that the user can logout.</p>\n","status":"failed","statusMessage":"AssertionError: Fill action failed for '#passwd': Page.wait_for_selector: Timeout 5000ms exceeded.\nCall log:\n  - waiting for locator(\"#passwd\") to be visible","statusTrace":"SRC/base/base_page.py:29: in fill\n    el = self.page.wait_for_selector(selector, timeout=timeout)\n/opt/hostedtoolcache/Python/3.10.18/x64/lib/python3.10/site-packages/playwright/sync_api/_generated.py:8182: in wait_for_selector\n    self._sync(\n/opt/hostedtoolcache/Python/3.10.18/x64/lib/python3.10/site-packages/playwright/_impl/_page.py:423: in wait_for_selector\n    return await self._main_frame.wait_for_selector(**locals_to_params(locals()))\n/opt/hostedtoolcache/Python/3.10.18/x64/lib/python3.10/site-packages/playwright/_impl/_frame.py:369: in wait_for_selector\n    await self._channel.send(\n/opt/hostedtoolcache/Python/3.10.18/x64/lib/python3.10/site-packages/playwright/_impl/_connection.py:69: in send\n    return await self._connection.wrap_api_call(\n/opt/hostedtoolcache/Python/3.10.18/x64/lib/python3.10/site-packages/playwright/_impl/_connection.py:558: in wrap_api_call\n    raise rewrite_error(error, f\"{parsed_st['apiName']}: {error}\") from None\nE   playwright._impl._errors.TimeoutError: Page.wait_for_selector: Timeout 5000ms exceeded.\nE   Call log:\nE     - waiting for locator(\"#passwd\") to be visible\n\nThe above exception was the direct cause of the following exception:\nSRC/tests/tests_ui/test_login.py:45: in test_logout\n    self.login_helper.login(\nUtilities/ReportUtils/report_utils.py:28: in wrapper\n    return func(*a, **kw)\nSRC/helpers/login_helper.py:24: in login\n    self.login_page.enter_password(password)\nUtilities/ReportUtils/alure_utils.py:78: in wrapper\n    return func(*args, **kwargs)\nSRC/pages/login_page.py:37: in enter_password\n    self.fill(self.__loc_password_input, password, description=\"password input field\")\nSRC/base/base_page.py:36: in fill\n    raise AssertionError(f\"Fill action failed for '{selector}': {str(e)}\") from e\nE   AssertionError: Fill action failed for '#passwd': Page.wait_for_selector: Timeout 5000ms exceeded.\nE   Call log:\nE     - waiting for locator(\"#passwd\") to be visible","flaky":false,"newFailed":false,"newBroken":false,"newPassed":false,"retriesCount":0,"retriesStatusChange":false,"beforeStages":[{"name":"_session_faker","time":{"start":1758991622241,"stop":1758991622242,"duration":1},"status":"passed","steps":[],"attachments":[],"parameters":[],"shouldDisplayMessage":false,"stepsCount":0,"attachmentsCount":0,"hasContent":false},{"name":"base_url","time":{"start":1758991622241,"stop":1758991622241,"duration":0},"status":"passed","steps":[],"attachments":[],"parameters":[],"shouldDisplayMessage":false,"stepsCount":0,"attachmentsCount":0,"hasContent":false},{"name":"_verify_url","time":{"start":1758991622241,"stop":1758991622241,"duration":0},"status":"passed","steps":[],"attachments":[],"parameters":[],"shouldDisplayMessage":false,"stepsCount":0,"attachmentsCount":0,"hasContent":false},{"name":"delete_output_dir","time":{"start":1758991622243,"stop":1758991622243,"duration":0},"status":"passed","steps":[],"attachments":[],"parameters":[],"shouldDisplayMessage":false,"stepsCount":0,"attachmentsCount":0,"hasContent":false},{"name":"pytestconfig","time":{"start":1758991622243,"stop":1758991622243,"duration":0},"status":"passed","steps":[],"attachments":[],"parameters":[],"shouldDisplayMessage":false,"stepsCount":0,"attachmentsCount":0,"hasContent":false},{"name":"playwright","time":{"start":1758991623133,"stop":1758991623427,"duration":294},"status":"passed","steps":[],"attachments":[],"parameters":[],"shouldDisplayMessage":false,"stepsCount":0,"attachmentsCount":0,"hasContent":false},{"name":"browser_type_launch_args","time":{"start":1758991623133,"stop":1758991623133,"duration":0},"status":"passed","steps":[],"attachments":[],"parameters":[],"shouldDisplayMessage":false,"stepsCount":0,"attachmentsCount":0,"hasContent":false},{"name":"browser_type","time":{"start":1758991623427,"stop":1758991623427,"duration":0},"status":"passed","steps":[],"attachments":[],"parameters":[],"shouldDisplayMessage":false,"stepsCount":0,"attachmentsCount":0,"hasContent":false},{"name":"launch_browser","time":{"start":1758991623427,"stop":1758991623427,"duration":0},"status":"passed","steps":[],"attachments":[],"parameters":[],"shouldDisplayMessage":false,"stepsCount":0,"attachmentsCount":0,"hasContent":false},{"name":"browser_name","time":{"start":1758991623427,"stop":1758991623427,"duration":0},"status":"passed","steps":[],"attachments":[],"parameters":[],"shouldDisplayMessage":false,"stepsCount":0,"attachmentsCount":0,"hasContent":false},{"name":"browser","time":{"start":1758991623427,"stop":1758991624359,"duration":932},"status":"passed","steps":[],"attachments":[],"parameters":[],"shouldDisplayMessage":false,"stepsCount":0,"attachmentsCount":0,"hasContent":false},{"name":"connect_options","time":{"start":1758991623427,"stop":1758991623427,"duration":0},"status":"passed","steps":[],"attachments":[],"parameters":[],"shouldDisplayMessage":false,"stepsCount":0,"attachmentsCount":0,"hasContent":false},{"name":"device","time":{"start":1758991624359,"stop":1758991624359,"duration":0},"status":"passed","steps":[],"attachments":[],"parameters":[],"shouldDisplayMessage":false,"stepsCount":0,"attachmentsCount":0,"hasContent":false},{"name":"browser_context_args","time":{"start":1758991624360,"stop":1758991624360,"duration":0},"status":"passed","steps":[],"attachments":[],"parameters":[],"shouldDisplayMessage":false,"stepsCount":0,"attachmentsCount":0,"hasContent":false},{"name":"_pw_artifacts_folder","time":{"start":1758991624360,"stop":1758991624360,"duration":0},"status":"passed","steps":[],"attachments":[],"parameters":[],"shouldDisplayMessage":false,"stepsCount":0,"attachmentsCount":0,"hasContent":false},{"name":"_artifacts_recorder","time":{"start":1758991651207,"stop":1758991651207,"duration":0},"status":"passed","steps":[],"attachments":[],"parameters":[],"shouldDisplayMessage":false,"stepsCount":0,"attachmentsCount":0,"hasContent":false},{"name":"output_path","time":{"start":1758991651207,"stop":1758991651207,"duration":0},"status":"passed","steps":[],"attachments":[],"parameters":[],"shouldDisplayMessage":false,"stepsCount":0,"attachmentsCount":0,"hasContent":false},{"name":"new_context","time":{"start":1758991651207,"stop":1758991651207,"duration":0},"status":"passed","steps":[],"attachments":[],"parameters":[],"shouldDisplayMessage":false,"stepsCount":0,"attachmentsCount":0,"hasContent":false},{"name":"context","time":{"start":1758991651208,"stop":1758991651210,"duration":2},"status":"passed","steps":[],"attachments":[],"parameters":[],"shouldDisplayMessage":false,"stepsCount":0,"attachmentsCount":0,"hasContent":false},{"name":"page","time":{"start":1758991651210,"stop":1758991651233,"duration":23},"status":"passed","steps":[],"attachments":[],"parameters":[],"shouldDisplayMessage":false,"stepsCount":0,"attachmentsCount":0,"hasContent":false},{"name":"page","time":{"start":1758991651233,"stop":1758991651284,"duration":51},"status":"passed","steps":[],"attachments":[],"parameters":[],"shouldDisplayMessage":false,"stepsCount":0,"attachmentsCount":0,"hasContent":false},{"name":"setup_method","time":{"start":1758991651285,"stop":1758991651286,"duration":1},"status":"passed","steps":[],"attachments":[],"parameters":[],"shouldDisplayMessage":false,"stepsCount":0,"attachmentsCount":0,"hasContent":false}],"testStage":{"description":"Verify that the user can logout.","status":"failed","statusMessage":"AssertionError: Fill action failed for '#passwd': Page.wait_for_selector: Timeout 5000ms exceeded.\nCall log:\n  - waiting for locator(\"#passwd\") to be visible","statusTrace":"SRC/base/base_page.py:29: in fill\n    el = self.page.wait_for_selector(selector, timeout=timeout)\n/opt/hostedtoolcache/Python/3.10.18/x64/lib/python3.10/site-packages/playwright/sync_api/_generated.py:8182: in wait_for_selector\n    self._sync(\n/opt/hostedtoolcache/Python/3.10.18/x64/lib/python3.10/site-packages/playwright/_impl/_page.py:423: in wait_for_selector\n    return await self._main_frame.wait_for_selector(**locals_to_params(locals()))\n/opt/hostedtoolcache/Python/3.10.18/x64/lib/python3.10/site-packages/playwright/_impl/_frame.py:369: in wait_for_selector\n    await self._channel.send(\n/opt/hostedtoolcache/Python/3.10.18/x64/lib/python3.10/site-packages/playwright/_impl/_connection.py:69: in send\n    return await self._connection.wrap_api_call(\n/opt/hostedtoolcache/Python/3.10.18/x64/lib/python3.10/site-packages/playwright/_impl/_connection.py:558: in wrap_api_call\n    raise rewrite_error(error, f\"{parsed_st['apiName']}: {error}\") from None\nE   playwright._impl._errors.TimeoutError: Page.wait_for_selector: Timeout 5000ms exceeded.\nE   Call log:\nE     - waiting for locator(\"#passwd\") to be visible\n\nThe above exception was the direct cause of the following exception:\nSRC/tests/tests_ui/test_login.py:45: in test_logout\n    self.login_helper.login(\nUtilities/ReportUtils/report_utils.py:28: in wrapper\n    return func(*a, **kw)\nSRC/helpers/login_helper.py:24: in login\n    self.login_page.enter_password(password)\nUtilities/ReportUtils/alure_utils.py:78: in wrapper\n    return func(*args, **kwargs)\nSRC/pages/login_page.py:37: in enter_password\n    self.fill(self.__loc_password_input, password, description=\"password input field\")\nSRC/base/base_page.py:36: in fill\n    raise AssertionError(f\"Fill action failed for '{selector}': {str(e)}\") from e\nE   AssertionError: Fill action failed for '#passwd': Page.wait_for_selector: Timeout 5000ms exceeded.\nE   Call log:\nE     - waiting for locator(\"#passwd\") to be visible","steps":[{"name":"Performing Login with username and password","time":{"start":1758991651287,"stop":1758991656338,"duration":5051},"status":"failed","statusMessage":"AssertionError: Fill action failed for '#passwd': Page.wait_for_selector: Timeout 5000ms exceeded.\nCall log:\n  - waiting for locator(\"#passwd\") to be visible\n\n","statusTrace":"  File \"/home/runner/work/SMBC-IntelliTest/SMBC-IntelliTest/Utilities/ReportUtils/report_utils.py\", line 28, in wrapper\n    return func(*a, **kw)\n  File \"/home/runner/work/SMBC-IntelliTest/SMBC-IntelliTest/SRC/helpers/login_helper.py\", line 24, in login\n    self.login_page.enter_password(password)\n  File \"/opt/hostedtoolcache/Python/3.10.18/x64/lib/python3.10/site-packages/allure_commons/_allure.py\", line 202, in impl\n    return func(*a, **kw)\n  File \"/home/runner/work/SMBC-IntelliTest/SMBC-IntelliTest/Utilities/ReportUtils/alure_utils.py\", line 78, in wrapper\n    return func(*args, **kwargs)\n  File \"/home/runner/work/SMBC-IntelliTest/SMBC-IntelliTest/SRC/pages/login_page.py\", line 37, in enter_password\n    self.fill(self.__loc_password_input, password, description=\"password input field\")\n  File \"/home/runner/work/SMBC-IntelliTest/SMBC-IntelliTest/SRC/base/base_page.py\", line 36, in fill\n    raise AssertionError(f\"Fill action failed for '{selector}': {str(e)}\") from e\n","steps":[{"name":"Entering username.","time":{"start":1758991651287,"stop":1758991651315,"duration":28},"status":"passed","steps":[],"attachments":[],"parameters":[{"name":"args","value":"(<SRC.pages.login_page.LoginPage object at 0x7fce2aaf24d0>, 'standard_user')"}],"shouldDisplayMessage":false,"stepsCount":0,"attachmentsCount":0,"hasContent":true},{"name":"Entering password","time":{"start":1758991651316,"stop":1758991656338,"duration":5022},"status":"failed","statusMessage":"AssertionError: Fill action failed for '#passwd': Page.wait_for_selector: Timeout 5000ms exceeded.\nCall log:\n  - waiting for locator(\"#passwd\") to be visible\n\n","statusTrace":"  File \"/opt/hostedtoolcache/Python/3.10.18/x64/lib/python3.10/site-packages/allure_commons/_allure.py\", line 202, in impl\n    return func(*a, **kw)\n  File \"/home/runner/work/SMBC-IntelliTest/SMBC-IntelliTest/Utilities/ReportUtils/alure_utils.py\", line 78, in wrapper\n    return func(*args, **kwargs)\n  File \"/home/runner/work/SMBC-IntelliTest/SMBC-IntelliTest/SRC/pages/login_page.py\", line 37, in enter_password\n    self.fill(self.__loc_password_input, password, description=\"password input field\")\n  File \"/home/runner/work/SMBC-IntelliTest/SMBC-IntelliTest/SRC/base/base_page.py\", line 36, in fill\n    raise AssertionError(f\"Fill action failed for '{selector}': {str(e)}\") from e\n","steps":[],"attachments":[],"parameters":[{"name":"args","value":"(<SRC.pages.login_page.LoginPage object at 0x7fce2aaf24d0>, 'secret_sauce')"}],"shouldDisplayMessage":true,"stepsCount":0,"attachmentsCount":0,"hasContent":true}],"attachments":[],"parameters":[],"shouldDisplayMessage":false,"stepsCount":2,"attachmentsCount":0,"hasContent":true},{"name":"Performing Login with username and password","time":{"start":1758991657340,"stop":1758991662353,"duration":5013},"status":"failed","statusMessage":"AssertionError: Fill action failed for '#passwd': Page.wait_for_selector: Timeout 5000ms exceeded.\nCall log:\n  - waiting for locator(\"#passwd\") to be visible\n\n","statusTrace":"  File \"/home/runner/work/SMBC-IntelliTest/SMBC-IntelliTest/Utilities/ReportUtils/report_utils.py\", line 28, in wrapper\n    return func(*a, **kw)\n  File \"/home/runner/work/SMBC-IntelliTest/SMBC-IntelliTest/SRC/helpers/login_helper.py\", line 24, in login\n    self.login_page.enter_password(password)\n  File \"/opt/hostedtoolcache/Python/3.10.18/x64/lib/python3.10/site-packages/allure_commons/_allure.py\", line 202, in impl\n    return func(*a, **kw)\n  File \"/home/runner/work/SMBC-IntelliTest/SMBC-IntelliTest/Utilities/ReportUtils/alure_utils.py\", line 78, in wrapper\n    return func(*args, **kwargs)\n  File \"/home/runner/work/SMBC-IntelliTest/SMBC-IntelliTest/SRC/pages/login_page.py\", line 37, in enter_password\n    self.fill(self.__loc_password_input, password, description=\"password input field\")\n  File \"/home/runner/work/SMBC-IntelliTest/SMBC-IntelliTest/SRC/base/base_page.py\", line 36, in fill\n    raise AssertionError(f\"Fill action failed for '{selector}': {str(e)}\") from e\n","steps":[{"name":"Entering username.","time":{"start":1758991657340,"stop":1758991657349,"duration":9},"status":"passed","steps":[],"attachments":[],"parameters":[{"name":"args","value":"(<SRC.pages.login_page.LoginPage object at 0x7fce2aaf24d0>, 'standard_user')"}],"shouldDisplayMessage":false,"stepsCount":0,"attachmentsCount":0,"hasContent":true},{"name":"Entering password","time":{"start":1758991657349,"stop":1758991662353,"duration":5004},"status":"failed","statusMessage":"AssertionError: Fill action failed for '#passwd': Page.wait_for_selector: Timeout 5000ms exceeded.\nCall log:\n  - waiting for locator(\"#passwd\") to be visible\n\n","statusTrace":"  File \"/opt/hostedtoolcache/Python/3.10.18/x64/lib/python3.10/site-packages/allure_commons/_allure.py\", line 202, in impl\n    return func(*a, **kw)\n  File \"/home/runner/work/SMBC-IntelliTest/SMBC-IntelliTest/Utilities/ReportUtils/alure_utils.py\", line 78, in wrapper\n    return func(*args, **kwargs)\n  File \"/home/runner/work/SMBC-IntelliTest/SMBC-IntelliTest/SRC/pages/login_page.py\", line 37, in enter_password\n    self.fill(self.__loc_password_input, password, description=\"password input field\")\n  File \"/home/runner/work/SMBC-IntelliTest/SMBC-IntelliTest/SRC/base/base_page.py\", line 36, in fill\n    raise AssertionError(f\"Fill action failed for '{selector}': {str(e)}\") from e\n","steps":[],"attachments":[],"parameters":[{"name":"args","value":"(<SRC.pages.login_page.LoginPage object at 0x7fce2aaf24d0>, 'secret_sauce')"}],"shouldDisplayMessage":true,"stepsCount":0,"attachmentsCount":0,"hasContent":true}],"attachments":[],"parameters":[],"shouldDisplayMessage":false,"stepsCount":2,"attachmentsCount":0,"hasContent":true},{"name":"Performing Login with username and password","time":{"start":1758991664356,"stop":1758991669368,"duration":5012},"status":"failed","statusMessage":"AssertionError: Fill action failed for '#passwd': Page.wait_for_selector: Timeout 5000ms exceeded.\nCall log:\n  - waiting for locator(\"#passwd\") to be visible\n\n","statusTrace":"  File \"/home/runner/work/SMBC-IntelliTest/SMBC-IntelliTest/Utilities/ReportUtils/report_utils.py\", line 28, in wrapper\n    return func(*a, **kw)\n  File \"/home/runner/work/SMBC-IntelliTest/SMBC-IntelliTest/SRC/helpers/login_helper.py\", line 24, in login\n    self.login_page.enter_password(password)\n  File \"/opt/hostedtoolcache/Python/3.10.18/x64/lib/python3.10/site-packages/allure_commons/_allure.py\", line 202, in impl\n    return func(*a, **kw)\n  File \"/home/runner/work/SMBC-IntelliTest/SMBC-IntelliTest/Utilities/ReportUtils/alure_utils.py\", line 78, in wrapper\n    return func(*args, **kwargs)\n  File \"/home/runner/work/SMBC-IntelliTest/SMBC-IntelliTest/SRC/pages/login_page.py\", line 37, in enter_password\n    self.fill(self.__loc_password_input, password, description=\"password input field\")\n  File \"/home/runner/work/SMBC-IntelliTest/SMBC-IntelliTest/SRC/base/base_page.py\", line 36, in fill\n    raise AssertionError(f\"Fill action failed for '{selector}': {str(e)}\") from e\n","steps":[{"name":"Entering username.","time":{"start":1758991664356,"stop":1758991664365,"duration":9},"status":"passed","steps":[],"attachments":[],"parameters":[{"name":"args","value":"(<SRC.pages.login_page.LoginPage object at 0x7fce2aaf24d0>, 'standard_user')"}],"shouldDisplayMessage":false,"stepsCount":0,"attachmentsCount":0,"hasContent":true},{"name":"Entering password","time":{"start":1758991664365,"stop":1758991669367,"duration":5002},"status":"failed","statusMessage":"AssertionError: Fill action failed for '#passwd': Page.wait_for_selector: Timeout 5000ms exceeded.\nCall log:\n  - waiting for locator(\"#passwd\") to be visible\n\n","statusTrace":"  File \"/opt/hostedtoolcache/Python/3.10.18/x64/lib/python3.10/site-packages/allure_commons/_allure.py\", line 202, in impl\n    return func(*a, **kw)\n  File \"/home/runner/work/SMBC-IntelliTest/SMBC-IntelliTest/Utilities/ReportUtils/alure_utils.py\", line 78, in wrapper\n    return func(*args, **kwargs)\n  File \"/home/runner/work/SMBC-IntelliTest/SMBC-IntelliTest/SRC/pages/login_page.py\", line 37, in enter_password\n    self.fill(self.__loc_password_input, password, description=\"password input field\")\n  File \"/home/runner/work/SMBC-IntelliTest/SMBC-IntelliTest/SRC/base/base_page.py\", line 36, in fill\n    raise AssertionError(f\"Fill action failed for '{selector}': {str(e)}\") from e\n","steps":[],"attachments":[],"parameters":[{"name":"args","value":"(<SRC.pages.login_page.LoginPage object at 0x7fce2aaf24d0>, 'secret_sauce')"}],"shouldDisplayMessage":true,"stepsCount":0,"attachmentsCount":0,"hasContent":true}],"attachments":[],"parameters":[],"shouldDisplayMessage":false,"stepsCount":2,"attachmentsCount":0,"hasContent":true}],"attachments":[{"uid":"674450d7928eb4b8","name":"test_login__test_logout.png","source":"674450d7928eb4b8.png","type":"image/png","size":36069},{"uid":"d03dbfd6034d8e58","name":"log","source":"d03dbfd6034d8e58.txt","type":"text/plain","size":7320}],"parameters":[],"shouldDisplayMessage":true,"stepsCount":9,"attachmentsCount":2,"hasContent":true},"afterStages":[{"name":"page::0","time":{"start":1758991669612,"stop":1758991669614,"duration":2},"status":"passed","steps":[],"attachments":[],"parameters":[],"shouldDisplayMessage":false,"stepsCount":0,"attachmentsCount":0,"hasContent":false},{"name":"new_context::0","time":{"start":1758991669615,"stop":1758991669620,"duration":5},"status":"passed","steps":[],"attachments":[],"parameters":[],"shouldDisplayMessage":false,"stepsCount":0,"attachmentsCount":0,"hasContent":false},{"name":"_artifacts_recorder::0","time":{"start":1758991669620,"stop":1758991669620,"duration":0},"status":"passed","steps":[],"attachments":[],"parameters":[],"shouldDisplayMessage":false,"stepsCount":0,"attachmentsCount":0,"hasContent":false},{"name":"_pw_artifacts_folder::0","time":{"start":1758991711355,"stop":1758991711355,"duration":0},"status":"passed","steps":[],"attachments":[],"parameters":[],"shouldDisplayMessage":false,"stepsCount":0,"attachmentsCount":0,"hasContent":false},{"name":"browser::0","time":{"start":1758991711356,"stop":1758991711376,"duration":20},"status":"passed","steps":[],"attachments":[],"parameters":[],"shouldDisplayMessage":false,"stepsCount":0,"attachmentsCount":0,"hasContent":false},{"name":"playwright::0","time":{"start":1758991711377,"stop":1758991711383,"duration":6},"status":"passed","steps":[],"attachments":[],"parameters":[],"shouldDisplayMessage":false,"stepsCount":0,"attachmentsCount":0,"hasContent":false}],"labels":[{"name":"owner","value":"swapnil"},{"name":"tag","value":"smoke"},{"name":"severity","value":"critical"},{"name":"tag","value":"regression"},{"name":"tag","value":"ui_validation"},{"name":"feature","value":"Core Business Req"},{"name":"epic","value":"SwagLabs access"},{"name":"story","value":"Verify Logout"},{"name":"tag","value":"smoke"},{"name":"tag","value":"regression"},{"name":"tag","value":"ui_validation"},{"name":"parentSuite","value":"SRC.tests.tests_ui"},{"name":"suite","value":"test_login"},{"name":"subSuite","value":"TestLogin"},{"name":"host","value":"runnervm3ublj"},{"name":"thread","value":"2808-MainThread"},{"name":"framework","value":"pytest"},{"name":"language","value":"cpython3"},{"name":"package","value":"SRC.tests.tests_ui.test_login"},{"name":"resultFormat","value":"allure2"}],"parameters":[],"links":[{"name":"Jira MYS-12","url":"https://sauce1100.atlassian.net/browse/MYS-12","type":"link"}],"hidden":false,"retry":false,"extra":{"severity":"critical","owner":"swapnil","retries":[],"categories":[{"name":"Product defects","matchedStatuses":[],"flaky":false}],"history":{"statistic":{"failed":5,"broken":0,"skipped":0,"passed":0,"unknown":0,"total":5},"items":[{"uid":"108a80361cfb20e5","reportUrl":"https://aaryaa-infobeans.github.io/SMBC-IntelliTest/5//#testresult/108a80361cfb20e5","status":"failed","statusDetails":"AssertionError: Fill action failed for '#passwd': Page.wait_for_selector: Timeout 5000ms exceeded.\nCall log:\n  - waiting for locator(\"#passwd\") to be visible","time":{"start":1758991272966,"stop":1758991291048,"duration":18082}},{"uid":"a15ef223c8b1326f","reportUrl":"https://aaryaa-infobeans.github.io/SMBC-IntelliTest/4//#testresult/a15ef223c8b1326f","status":"failed","statusDetails":"AssertionError: Fill action failed for '#user-name': Page.wait_for_selector: Timeout 5000ms exceeded.\nCall log:\n  - waiting for locator(\"#user-name\") to be visible","time":{"start":1758990583036,"stop":1758990592718,"duration":9682}},{"uid":"af727ea55af071f7","reportUrl":"https://aaryaa-infobeans.github.io/SMBC-IntelliTest/3//#testresult/af727ea55af071f7","status":"failed","statusDetails":"AssertionError: Fill action failed for '#user-name': Page.wait_for_selector: Timeout 5000ms exceeded.\nCall log:\n  - waiting for locator(\"#user-name\") to be visible","time":{"start":1758990258407,"stop":1758990268042,"duration":9635}},{"uid":"7f8b0076d34a6bd2","reportUrl":"https://aaryaa-infobeans.github.io/SMBC-IntelliTest/2//#testresult/7f8b0076d34a6bd2","status":"failed","statusDetails":"AssertionError: Fill action failed for '#user-name': Page.wait_for_selector: Timeout 5000ms exceeded.\nCall log:\n  - waiting for locator(\"#user-name\") to be visible","time":{"start":1758989420082,"stop":1758989430009,"duration":9927}}]},"tags":["ui_validation","regression","smoke"]},"source":"f3090f60e9403fe4.json","parameterValues":[]}