{"uid":"b131ea47e26e2434","name":"Verify Order Creation","fullName":"SRC.tests.tests_ui.test_order_page.TestOrderPage#test_order_creation","historyId":"31b83017e481631029999c75cea482b6","time":{"start":1759151333035,"stop":1759151333035,"duration":0},"description":"Verify that the order is created successfully.","descriptionHtml":"<p>Verify that the order is created successfully.</p>\n","status":"failed","statusMessage":"AssertionError: Fill action failed for '#passwd': Page.wait_for_selector: Timeout 5000ms exceeded.\nCall log:\n  - waiting for locator(\"#passwd\") to be visible","statusTrace":"SRC/base/base_page.py:29: in fill\n    el = self.page.wait_for_selector(selector, timeout=timeout)\n/opt/hostedtoolcache/Python/3.10.18/x64/lib/python3.10/site-packages/playwright/sync_api/_generated.py:8182: in wait_for_selector\n    self._sync(\n/opt/hostedtoolcache/Python/3.10.18/x64/lib/python3.10/site-packages/playwright/_impl/_page.py:423: in wait_for_selector\n    return await self._main_frame.wait_for_selector(**locals_to_params(locals()))\n/opt/hostedtoolcache/Python/3.10.18/x64/lib/python3.10/site-packages/playwright/_impl/_frame.py:369: in wait_for_selector\n    await self._channel.send(\n/opt/hostedtoolcache/Python/3.10.18/x64/lib/python3.10/site-packages/playwright/_impl/_connection.py:69: in send\n    return await self._connection.wrap_api_call(\n/opt/hostedtoolcache/Python/3.10.18/x64/lib/python3.10/site-packages/playwright/_impl/_connection.py:558: in wrap_api_call\n    raise rewrite_error(error, f\"{parsed_st['apiName']}: {error}\") from None\nE   playwright._impl._errors.TimeoutError: Page.wait_for_selector: Timeout 5000ms exceeded.\nE   Call log:\nE     - waiting for locator(\"#passwd\") to be visible\n\nThe above exception was the direct cause of the following exception:\nSRC/tests/tests_ui/test_order_page.py:22: in setup_method\n    self.login_helper.login(\nUtilities/ReportUtils/report_utils.py:28: in wrapper\n    return func(*a, **kw)\nSRC/helpers/login_helper.py:24: in login\n    self.login_page.enter_password(password)\nUtilities/ReportUtils/alure_utils.py:78: in wrapper\n    return func(*args, **kwargs)\nSRC/pages/login_page.py:37: in enter_password\n    self.fill(self.__loc_password_input, password, description=\"password input field\")\nSRC/base/base_page.py:36: in fill\n    raise AssertionError(f\"Fill action failed for '{selector}': {str(e)}\") from e\nE   AssertionError: Fill action failed for '#passwd': Page.wait_for_selector: Timeout 5000ms exceeded.\nE   Call log:\nE     - waiting for locator(\"#passwd\") to be visible","flaky":false,"newFailed":false,"newBroken":false,"newPassed":false,"retriesCount":0,"retriesStatusChange":false,"beforeStages":[{"name":"base_url","time":{"start":1759151243886,"stop":1759151243887,"duration":1},"status":"passed","steps":[],"attachments":[],"parameters":[],"shouldDisplayMessage":false,"stepsCount":0,"attachmentsCount":0,"hasContent":false},{"name":"_session_faker","time":{"start":1759151243887,"stop":1759151243888,"duration":1},"status":"passed","steps":[],"attachments":[],"parameters":[],"shouldDisplayMessage":false,"stepsCount":0,"attachmentsCount":0,"hasContent":false},{"name":"_verify_url","time":{"start":1759151243887,"stop":1759151243887,"duration":0},"status":"passed","steps":[],"attachments":[],"parameters":[],"shouldDisplayMessage":false,"stepsCount":0,"attachmentsCount":0,"hasContent":false},{"name":"pytestconfig","time":{"start":1759151243888,"stop":1759151243888,"duration":0},"status":"passed","steps":[],"attachments":[],"parameters":[],"shouldDisplayMessage":false,"stepsCount":0,"attachmentsCount":0,"hasContent":false},{"name":"delete_output_dir","time":{"start":1759151243888,"stop":1759151243888,"duration":0},"status":"passed","steps":[],"attachments":[],"parameters":[],"shouldDisplayMessage":false,"stepsCount":0,"attachmentsCount":0,"hasContent":false},{"name":"playwright","time":{"start":1759151245597,"stop":1759151245908,"duration":311},"status":"passed","steps":[],"attachments":[],"parameters":[],"shouldDisplayMessage":false,"stepsCount":0,"attachmentsCount":0,"hasContent":false},{"name":"browser_type_launch_args","time":{"start":1759151245597,"stop":1759151245597,"duration":0},"status":"passed","steps":[],"attachments":[],"parameters":[],"shouldDisplayMessage":false,"stepsCount":0,"attachmentsCount":0,"hasContent":false},{"name":"browser_type","time":{"start":1759151245908,"stop":1759151245908,"duration":0},"status":"passed","steps":[],"attachments":[],"parameters":[],"shouldDisplayMessage":false,"stepsCount":0,"attachmentsCount":0,"hasContent":false},{"name":"connect_options","time":{"start":1759151245908,"stop":1759151245908,"duration":0},"status":"passed","steps":[],"attachments":[],"parameters":[],"shouldDisplayMessage":false,"stepsCount":0,"attachmentsCount":0,"hasContent":false},{"name":"browser_name","time":{"start":1759151245908,"stop":1759151245908,"duration":0},"status":"passed","steps":[],"attachments":[],"parameters":[],"shouldDisplayMessage":false,"stepsCount":0,"attachmentsCount":0,"hasContent":false},{"name":"launch_browser","time":{"start":1759151245909,"stop":1759151245909,"duration":0},"status":"passed","steps":[],"attachments":[],"parameters":[],"shouldDisplayMessage":false,"stepsCount":0,"attachmentsCount":0,"hasContent":false},{"name":"browser","time":{"start":1759151245909,"stop":1759151247573,"duration":1664},"status":"passed","steps":[],"attachments":[],"parameters":[],"shouldDisplayMessage":false,"stepsCount":0,"attachmentsCount":0,"hasContent":false},{"name":"device","time":{"start":1759151247573,"stop":1759151247574,"duration":1},"status":"passed","steps":[],"attachments":[],"parameters":[],"shouldDisplayMessage":false,"stepsCount":0,"attachmentsCount":0,"hasContent":false},{"name":"_pw_artifacts_folder","time":{"start":1759151247574,"stop":1759151247575,"duration":1},"status":"passed","steps":[],"attachments":[],"parameters":[],"shouldDisplayMessage":false,"stepsCount":0,"attachmentsCount":0,"hasContent":false},{"name":"browser_context_args","time":{"start":1759151247575,"stop":1759151247575,"duration":0},"status":"passed","steps":[],"attachments":[],"parameters":[],"shouldDisplayMessage":false,"stepsCount":0,"attachmentsCount":0,"hasContent":false},{"name":"context","time":{"start":1759151333036,"stop":1759151333040,"duration":4},"status":"passed","steps":[],"attachments":[],"parameters":[],"shouldDisplayMessage":false,"stepsCount":0,"attachmentsCount":0,"hasContent":false},{"name":"output_path","time":{"start":1759151333036,"stop":1759151333036,"duration":0},"status":"passed","steps":[],"attachments":[],"parameters":[],"shouldDisplayMessage":false,"stepsCount":0,"attachmentsCount":0,"hasContent":false},{"name":"new_context","time":{"start":1759151333036,"stop":1759151333036,"duration":0},"status":"passed","steps":[],"attachments":[],"parameters":[],"shouldDisplayMessage":false,"stepsCount":0,"attachmentsCount":0,"hasContent":false},{"name":"_artifacts_recorder","time":{"start":1759151333036,"stop":1759151333036,"duration":0},"status":"passed","steps":[],"attachments":[],"parameters":[],"shouldDisplayMessage":false,"stepsCount":0,"attachmentsCount":0,"hasContent":false},{"name":"page","time":{"start":1759151333040,"stop":1759151333065,"duration":25},"status":"passed","steps":[],"attachments":[],"parameters":[],"shouldDisplayMessage":false,"stepsCount":0,"attachmentsCount":0,"hasContent":false},{"name":"page","time":{"start":1759151333065,"stop":1759151333119,"duration":54},"status":"passed","steps":[],"attachments":[],"parameters":[],"shouldDisplayMessage":false,"stepsCount":0,"attachmentsCount":0,"hasContent":false},{"name":"setup_method","time":{"start":1759151333119,"stop":1759151338628,"duration":5509},"status":"failed","statusMessage":"AssertionError: Fill action failed for '#passwd': Page.wait_for_selector: Timeout 5000ms exceeded.\nCall log:\n  - waiting for locator(\"#passwd\") to be visible\n\n","statusTrace":"  File \"/opt/hostedtoolcache/Python/3.10.18/x64/lib/python3.10/site-packages/pluggy/_callers.py\", line 38, in run_old_style_hookwrapper\n    res = yield\n  File \"/opt/hostedtoolcache/Python/3.10.18/x64/lib/python3.10/site-packages/pluggy/_callers.py\", line 139, in _multicall\n    teardown.throw(exception)\n  File \"/opt/hostedtoolcache/Python/3.10.18/x64/lib/python3.10/site-packages/pluggy/_callers.py\", line 53, in run_old_style_hookwrapper\n    return result.get_result()\n  File \"/opt/hostedtoolcache/Python/3.10.18/x64/lib/python3.10/site-packages/pluggy/_result.py\", line 103, in get_result\n    raise exc.with_traceback(tb)\n  File \"/opt/hostedtoolcache/Python/3.10.18/x64/lib/python3.10/site-packages/pluggy/_callers.py\", line 38, in run_old_style_hookwrapper\n    res = yield\n  File \"/opt/hostedtoolcache/Python/3.10.18/x64/lib/python3.10/site-packages/pluggy/_callers.py\", line 139, in _multicall\n    teardown.throw(exception)\n  File \"/opt/hostedtoolcache/Python/3.10.18/x64/lib/python3.10/site-packages/_pytest/setuponly.py\", line 36, in pytest_fixture_setup\n    return (yield)\n  File \"/opt/hostedtoolcache/Python/3.10.18/x64/lib/python3.10/site-packages/pluggy/_callers.py\", line 121, in _multicall\n    res = hook_impl.function(*args)\n  File \"/opt/hostedtoolcache/Python/3.10.18/x64/lib/python3.10/site-packages/_pytest/fixtures.py\", line 1122, in pytest_fixture_setup\n    result = call_fixture_func(fixturefunc, request, kwargs)\n  File \"/opt/hostedtoolcache/Python/3.10.18/x64/lib/python3.10/site-packages/_pytest/fixtures.py\", line 884, in call_fixture_func\n    fixture_result = fixturefunc(**kwargs)\n  File \"/home/runner/work/SMBC-IntelliTest/SMBC-IntelliTest/SRC/tests/tests_ui/test_order_page.py\", line 22, in setup_method\n    self.login_helper.login(\n  File \"/home/runner/work/SMBC-IntelliTest/SMBC-IntelliTest/Utilities/ReportUtils/report_utils.py\", line 28, in wrapper\n    return func(*a, **kw)\n  File \"/home/runner/work/SMBC-IntelliTest/SMBC-IntelliTest/SRC/helpers/login_helper.py\", line 24, in login\n    self.login_page.enter_password(password)\n  File \"/opt/hostedtoolcache/Python/3.10.18/x64/lib/python3.10/site-packages/allure_commons/_allure.py\", line 202, in impl\n    return func(*a, **kw)\n  File \"/home/runner/work/SMBC-IntelliTest/SMBC-IntelliTest/Utilities/ReportUtils/alure_utils.py\", line 78, in wrapper\n    return func(*args, **kwargs)\n  File \"/home/runner/work/SMBC-IntelliTest/SMBC-IntelliTest/SRC/pages/login_page.py\", line 37, in enter_password\n    self.fill(self.__loc_password_input, password, description=\"password input field\")\n  File \"/home/runner/work/SMBC-IntelliTest/SMBC-IntelliTest/SRC/base/base_page.py\", line 36, in fill\n    raise AssertionError(f\"Fill action failed for '{selector}': {str(e)}\") from e\n","steps":[{"name":"Performing Login with username and password","time":{"start":1759151333121,"stop":1759151338628,"duration":5507},"status":"failed","statusMessage":"AssertionError: Fill action failed for '#passwd': Page.wait_for_selector: Timeout 5000ms exceeded.\nCall log:\n  - waiting for locator(\"#passwd\") to be visible\n\n","statusTrace":"  File \"/home/runner/work/SMBC-IntelliTest/SMBC-IntelliTest/Utilities/ReportUtils/report_utils.py\", line 28, in wrapper\n    return func(*a, **kw)\n  File \"/home/runner/work/SMBC-IntelliTest/SMBC-IntelliTest/SRC/helpers/login_helper.py\", line 24, in login\n    self.login_page.enter_password(password)\n  File \"/opt/hostedtoolcache/Python/3.10.18/x64/lib/python3.10/site-packages/allure_commons/_allure.py\", line 202, in impl\n    return func(*a, **kw)\n  File \"/home/runner/work/SMBC-IntelliTest/SMBC-IntelliTest/Utilities/ReportUtils/alure_utils.py\", line 78, in wrapper\n    return func(*args, **kwargs)\n  File \"/home/runner/work/SMBC-IntelliTest/SMBC-IntelliTest/SRC/pages/login_page.py\", line 37, in enter_password\n    self.fill(self.__loc_password_input, password, description=\"password input field\")\n  File \"/home/runner/work/SMBC-IntelliTest/SMBC-IntelliTest/SRC/base/base_page.py\", line 36, in fill\n    raise AssertionError(f\"Fill action failed for '{selector}': {str(e)}\") from e\n","steps":[{"name":"Entering username.","time":{"start":1759151333121,"stop":1759151333154,"duration":33},"status":"passed","steps":[],"attachments":[],"parameters":[{"name":"args","value":"(<SRC.pages.login_page.LoginPage object at 0x7f840e1bcc10>, 'standard_user')"}],"shouldDisplayMessage":false,"stepsCount":0,"attachmentsCount":0,"hasContent":true},{"name":"Entering password","time":{"start":1759151333154,"stop":1759151338628,"duration":5474},"status":"failed","statusMessage":"AssertionError: Fill action failed for '#passwd': Page.wait_for_selector: Timeout 5000ms exceeded.\nCall log:\n  - waiting for locator(\"#passwd\") to be visible\n\n","statusTrace":"  File \"/opt/hostedtoolcache/Python/3.10.18/x64/lib/python3.10/site-packages/allure_commons/_allure.py\", line 202, in impl\n    return func(*a, **kw)\n  File \"/home/runner/work/SMBC-IntelliTest/SMBC-IntelliTest/Utilities/ReportUtils/alure_utils.py\", line 78, in wrapper\n    return func(*args, **kwargs)\n  File \"/home/runner/work/SMBC-IntelliTest/SMBC-IntelliTest/SRC/pages/login_page.py\", line 37, in enter_password\n    self.fill(self.__loc_password_input, password, description=\"password input field\")\n  File \"/home/runner/work/SMBC-IntelliTest/SMBC-IntelliTest/SRC/base/base_page.py\", line 36, in fill\n    raise AssertionError(f\"Fill action failed for '{selector}': {str(e)}\") from e\n","steps":[],"attachments":[],"parameters":[{"name":"args","value":"(<SRC.pages.login_page.LoginPage object at 0x7f840e1bcc10>, 'secret_sauce')"}],"shouldDisplayMessage":true,"stepsCount":0,"attachmentsCount":0,"hasContent":true}],"attachments":[],"parameters":[],"shouldDisplayMessage":false,"stepsCount":2,"attachmentsCount":0,"hasContent":true}],"attachments":[],"parameters":[],"shouldDisplayMessage":false,"stepsCount":3,"attachmentsCount":0,"hasContent":true}],"testStage":{"description":"Verify that the order is created successfully.","status":"failed","statusMessage":"AssertionError: Fill action failed for '#passwd': Page.wait_for_selector: Timeout 5000ms exceeded.\nCall log:\n  - waiting for locator(\"#passwd\") to be visible","statusTrace":"SRC/base/base_page.py:29: in fill\n    el = self.page.wait_for_selector(selector, timeout=timeout)\n/opt/hostedtoolcache/Python/3.10.18/x64/lib/python3.10/site-packages/playwright/sync_api/_generated.py:8182: in wait_for_selector\n    self._sync(\n/opt/hostedtoolcache/Python/3.10.18/x64/lib/python3.10/site-packages/playwright/_impl/_page.py:423: in wait_for_selector\n    return await self._main_frame.wait_for_selector(**locals_to_params(locals()))\n/opt/hostedtoolcache/Python/3.10.18/x64/lib/python3.10/site-packages/playwright/_impl/_frame.py:369: in wait_for_selector\n    await self._channel.send(\n/opt/hostedtoolcache/Python/3.10.18/x64/lib/python3.10/site-packages/playwright/_impl/_connection.py:69: in send\n    return await self._connection.wrap_api_call(\n/opt/hostedtoolcache/Python/3.10.18/x64/lib/python3.10/site-packages/playwright/_impl/_connection.py:558: in wrap_api_call\n    raise rewrite_error(error, f\"{parsed_st['apiName']}: {error}\") from None\nE   playwright._impl._errors.TimeoutError: Page.wait_for_selector: Timeout 5000ms exceeded.\nE   Call log:\nE     - waiting for locator(\"#passwd\") to be visible\n\nThe above exception was the direct cause of the following exception:\nSRC/tests/tests_ui/test_order_page.py:22: in setup_method\n    self.login_helper.login(\nUtilities/ReportUtils/report_utils.py:28: in wrapper\n    return func(*a, **kw)\nSRC/helpers/login_helper.py:24: in login\n    self.login_page.enter_password(password)\nUtilities/ReportUtils/alure_utils.py:78: in wrapper\n    return func(*args, **kwargs)\nSRC/pages/login_page.py:37: in enter_password\n    self.fill(self.__loc_password_input, password, description=\"password input field\")\nSRC/base/base_page.py:36: in fill\n    raise AssertionError(f\"Fill action failed for '{selector}': {str(e)}\") from e\nE   AssertionError: Fill action failed for '#passwd': Page.wait_for_selector: Timeout 5000ms exceeded.\nE   Call log:\nE     - waiting for locator(\"#passwd\") to be visible","steps":[],"attachments":[{"uid":"e8018eae4980b371","name":"log","source":"e8018eae4980b371.txt","type":"text/plain","size":2922}],"parameters":[],"shouldDisplayMessage":true,"stepsCount":0,"attachmentsCount":1,"hasContent":true},"afterStages":[{"name":"page::0","time":{"start":1759151338875,"stop":1759151338878,"duration":3},"status":"passed","steps":[],"attachments":[],"parameters":[],"shouldDisplayMessage":false,"stepsCount":0,"attachmentsCount":0,"hasContent":false},{"name":"new_context::0","time":{"start":1759151338879,"stop":1759151338884,"duration":5},"status":"passed","steps":[],"attachments":[],"parameters":[],"shouldDisplayMessage":false,"stepsCount":0,"attachmentsCount":0,"hasContent":false},{"name":"_artifacts_recorder::0","time":{"start":1759151338884,"stop":1759151338885,"duration":1},"status":"passed","steps":[],"attachments":[],"parameters":[],"shouldDisplayMessage":false,"stepsCount":0,"attachmentsCount":0,"hasContent":false},{"name":"_pw_artifacts_folder::0","time":{"start":1759151342952,"stop":1759151342952,"duration":0},"status":"passed","steps":[],"attachments":[],"parameters":[],"shouldDisplayMessage":false,"stepsCount":0,"attachmentsCount":0,"hasContent":false},{"name":"browser::0","time":{"start":1759151342953,"stop":1759151342982,"duration":29},"status":"passed","steps":[],"attachments":[],"parameters":[],"shouldDisplayMessage":false,"stepsCount":0,"attachmentsCount":0,"hasContent":false},{"name":"playwright::0","time":{"start":1759151342984,"stop":1759151342991,"duration":7},"status":"passed","steps":[],"attachments":[],"parameters":[],"shouldDisplayMessage":false,"stepsCount":0,"attachmentsCount":0,"hasContent":false}],"labels":[{"name":"owner","value":"swapnil"},{"name":"tag","value":"ui_validation"},{"name":"feature","value":"Core Business Req"},{"name":"severity","value":"critical"},{"name":"tag","value":"regression"},{"name":"story","value":"Verify Order Creation"},{"name":"epic","value":"Order Processing"},{"name":"tag","value":"regression"},{"name":"tag","value":"ui_validation"},{"name":"parentSuite","value":"SRC.tests.tests_ui"},{"name":"suite","value":"test_order_page"},{"name":"subSuite","value":"TestOrderPage"},{"name":"host","value":"runnervm3ublj"},{"name":"thread","value":"2838-MainThread"},{"name":"framework","value":"pytest"},{"name":"language","value":"cpython3"},{"name":"package","value":"SRC.tests.tests_ui.test_order_page"},{"name":"resultFormat","value":"allure2"}],"parameters":[],"links":[{"name":"Jira MYS-13","url":"https://sauce1100.atlassian.net/browse/MYS-13","type":"link"}],"hidden":false,"retry":false,"extra":{"severity":"critical","owner":"swapnil","retries":[],"categories":[{"name":"Product defects","matchedStatuses":[],"flaky":false}],"history":{"statistic":{"failed":17,"broken":0,"skipped":0,"passed":0,"unknown":0,"total":17},"items":[{"uid":"5b4fbfedccf70e31","reportUrl":"https://aaryaa-infobeans.github.io/SMBC-IntelliTest/9//#testresult/5b4fbfedccf70e31","status":"failed","statusDetails":"AssertionError: Fill action failed for '#passwd': Page.wait_for_selector: Timeout 5000ms exceeded.\nCall log:\n  - waiting for locator(\"#passwd\") to be visible","time":{"start":1759149712639,"stop":1759149712639,"duration":0}},{"uid":"895bdea707dbba2c","reportUrl":"https://aaryaa-infobeans.github.io/SMBC-IntelliTest/7//#testresult/895bdea707dbba2c","status":"failed","statusDetails":"AssertionError: Fill action failed for '#passwd': Page.wait_for_selector: Timeout 5000ms exceeded.\nCall log:\n  - waiting for locator(\"#passwd\") to be visible","time":{"start":1759145824745,"stop":1759145824745,"duration":0}},{"uid":"a9dd315746be7e8","reportUrl":"https://aaryaa-infobeans.github.io/SMBC-IntelliTest/7//#testresult/a9dd315746be7e8","status":"failed","statusDetails":"AssertionError: Fill action failed for '#passwd': Page.wait_for_selector: Timeout 5000ms exceeded.\nCall log:\n  - waiting for locator(\"#passwd\") to be visible","time":{"start":1759145242654,"stop":1759145242654,"duration":0}},{"uid":"9bfac82a8e130c4","reportUrl":"https://aaryaa-infobeans.github.io/SMBC-IntelliTest/6//#testresult/9bfac82a8e130c4","status":"failed","statusDetails":"AssertionError: Locator expected to be visible\nActual value: <element(s) not found> \nCall log:\n  - Expect \"to_be_visible\" with timeout 5000ms\n  - waiting for locator(\"//a[.='Continue Shopping']\")","time":{"start":1759141955136,"stop":1759141960606,"duration":5470}},{"uid":"82f7d70dac219363","reportUrl":"https://aaryaa-infobeans.github.io/SMBC-IntelliTest/5//#testresult/82f7d70dac219363","status":"failed","statusDetails":"AssertionError: Locator expected to be visible\nActual value: <element(s) not found> \nCall log:\n  - Expect \"to_be_visible\" with timeout 5000ms\n  - waiting for locator(\"//a[.='Continue Shopping']\")","time":{"start":1759140827478,"stop":1759140832808,"duration":5330}},{"uid":"f5c5c54eb4b49424","reportUrl":"https://aaryaa-infobeans.github.io/SMBC-IntelliTest/3//#testresult/f5c5c54eb4b49424","status":"failed","statusDetails":"AssertionError: Locator expected to be visible\nActual value: <element(s) not found> \nCall log:\n  - Expect \"to_be_visible\" with timeout 5000ms\n  - waiting for locator(\"//a[.='Continue Shopping']\")","time":{"start":1759138549696,"stop":1759138555193,"duration":5497}},{"uid":"c143cae74a1df229","reportUrl":"https://aaryaa-infobeans.github.io/SMBC-IntelliTest/2//#testresult/c143cae74a1df229","status":"failed","statusDetails":"AssertionError: Locator expected to be visible\nActual value: <element(s) not found> \nCall log:\n  - Expect \"to_be_visible\" with timeout 5000ms\n  - waiting for locator(\"//a[.='Continue Shopping']\")","time":{"start":1759135073410,"stop":1759135078950,"duration":5540}},{"uid":"5cbf30c7c4f159fe","reportUrl":"https://aaryaa-infobeans.github.io/SMBC-IntelliTest/9//#testresult/5cbf30c7c4f159fe","status":"failed","statusDetails":"AssertionError: Locator expected to be visible\nActual value: <element(s) not found> \nCall log:\n  - Expect \"to_be_visible\" with timeout 5000ms\n  - waiting for locator(\"//a[.='Continue Shopping']\")","time":{"start":1759128101841,"stop":1759128107392,"duration":5551}},{"uid":"3e688acf2fd004e7","reportUrl":"https://aaryaa-infobeans.github.io/SMBC-IntelliTest/8//#testresult/3e688acf2fd004e7","status":"failed","statusDetails":"AssertionError: Locator expected to be visible\nActual value: <element(s) not found> \nCall log:\n  - Expect \"to_be_visible\" with timeout 5000ms\n  - waiting for locator(\"//a[.='Continue Shopping']\")","time":{"start":1758992457153,"stop":1758992462499,"duration":5346}},{"uid":"674b77155f86567d","reportUrl":"https://aaryaa-infobeans.github.io/SMBC-IntelliTest/8//#testresult/674b77155f86567d","status":"failed","statusDetails":"AssertionError: Fill action failed for '#passwd': Page.wait_for_selector: Timeout 5000ms exceeded.\nCall log:\n  - waiting for locator(\"#passwd\") to be visible","time":{"start":1758992177140,"stop":1758992177140,"duration":0}},{"uid":"3572fb1a3a1965f5","reportUrl":"https://aaryaa-infobeans.github.io/SMBC-IntelliTest/7//#testresult/3572fb1a3a1965f5","status":"failed","statusDetails":"AssertionError: Fill action failed for '#passwd': Page.wait_for_selector: Timeout 5000ms exceeded.\nCall log:\n  - waiting for locator(\"#passwd\") to be visible","time":{"start":1758992067819,"stop":1758992067819,"duration":0}},{"uid":"39a9402af4f754ec","reportUrl":"https://aaryaa-infobeans.github.io/SMBC-IntelliTest/6//#testresult/39a9402af4f754ec","status":"failed","statusDetails":"AssertionError: Fill action failed for '#passwd': Page.wait_for_selector: Timeout 5000ms exceeded.\nCall log:\n  - waiting for locator(\"#passwd\") to be visible","time":{"start":1758991701955,"stop":1758991701955,"duration":0}},{"uid":"a6b87fac78c588fd","reportUrl":"https://aaryaa-infobeans.github.io/SMBC-IntelliTest/5//#testresult/a6b87fac78c588fd","status":"failed","statusDetails":"AssertionError: Fill action failed for '#passwd': Page.wait_for_selector: Timeout 5000ms exceeded.\nCall log:\n  - waiting for locator(\"#passwd\") to be visible","time":{"start":1758991323939,"stop":1758991323939,"duration":0}},{"uid":"a5824a49c21d0ced","reportUrl":"https://aaryaa-infobeans.github.io/SMBC-IntelliTest/4//#testresult/a5824a49c21d0ced","status":"failed","statusDetails":"AssertionError: Locator expected to be visible\nActual value: <element(s) not found> \nCall log:\n  - Expect \"to_be_visible\" with timeout 5000ms\n  - waiting for locator(\"//a[.='Continue Shopping']\")","time":{"start":1758990596601,"stop":1758990602018,"duration":5417}},{"uid":"1e830f7019f347c2","reportUrl":"https://aaryaa-infobeans.github.io/SMBC-IntelliTest/3//#testresult/1e830f7019f347c2","status":"failed","statusDetails":"AssertionError: Locator expected to be visible\nActual value: <element(s) not found> \nCall log:\n  - Expect \"to_be_visible\" with timeout 5000ms\n  - waiting for locator(\"//a[.='Continue Shopping']\")","time":{"start":1758990272559,"stop":1758990277928,"duration":5369}},{"uid":"d6a8e76cc0a89ff8","reportUrl":"https://aaryaa-infobeans.github.io/SMBC-IntelliTest/2//#testresult/d6a8e76cc0a89ff8","status":"failed","statusDetails":"AssertionError: Locator expected to be visible\nActual value: <element(s) not found> \nCall log:\n  - Expect \"to_be_visible\" with timeout 5000ms\n  - waiting for locator(\"//a[.='Continue Shopping']\")","time":{"start":1758989434596,"stop":1758989440132,"duration":5536}}]},"tags":["ui_validation","regression"]},"source":"b131ea47e26e2434.json","parameterValues":[]}