{"uid":"51c416ff1ca46598","name":"Verify Order Creation","fullName":"SRC.tests.tests_ui.test_order_page.TestOrderPage#test_order_creation","historyId":"31b83017e481631029999c75cea482b6","time":{"start":1759216274791,"stop":1759216274791,"duration":0},"description":"Verify that the order is created successfully.","descriptionHtml":"<p>Verify that the order is created successfully.</p>\n","status":"failed","statusMessage":"AssertionError: Fill action failed for '#passwd': Page.wait_for_selector: Timeout 5000ms exceeded.\nCall log:\n  - waiting for locator(\"#passwd\") to be visible","statusTrace":"SRC/base/base_page.py:29: in fill\n    el = self.page.wait_for_selector(selector, timeout=timeout)\n/opt/hostedtoolcache/Python/3.10.18/x64/lib/python3.10/site-packages/playwright/sync_api/_generated.py:8182: in wait_for_selector\n    self._sync(\n/opt/hostedtoolcache/Python/3.10.18/x64/lib/python3.10/site-packages/playwright/_impl/_page.py:423: in wait_for_selector\n    return await self._main_frame.wait_for_selector(**locals_to_params(locals()))\n/opt/hostedtoolcache/Python/3.10.18/x64/lib/python3.10/site-packages/playwright/_impl/_frame.py:369: in wait_for_selector\n    await self._channel.send(\n/opt/hostedtoolcache/Python/3.10.18/x64/lib/python3.10/site-packages/playwright/_impl/_connection.py:69: in send\n    return await self._connection.wrap_api_call(\n/opt/hostedtoolcache/Python/3.10.18/x64/lib/python3.10/site-packages/playwright/_impl/_connection.py:558: in wrap_api_call\n    raise rewrite_error(error, f\"{parsed_st['apiName']}: {error}\") from None\nE   playwright._impl._errors.TimeoutError: Page.wait_for_selector: Timeout 5000ms exceeded.\nE   Call log:\nE     - waiting for locator(\"#passwd\") to be visible\n\nThe above exception was the direct cause of the following exception:\nSRC/tests/tests_ui/test_order_page.py:22: in setup_method\n    self.login_helper.login(\nUtilities/ReportUtils/report_utils.py:28: in wrapper\n    return func(*a, **kw)\nSRC/helpers/login_helper.py:24: in login\n    self.login_page.enter_password(password)\nUtilities/ReportUtils/alure_utils.py:78: in wrapper\n    return func(*args, **kwargs)\nSRC/pages/login_page.py:37: in enter_password\n    self.fill(self.__loc_password_input, password, description=\"password input field\")\nSRC/base/base_page.py:36: in fill\n    raise AssertionError(f\"Fill action failed for '{selector}': {str(e)}\") from e\nE   AssertionError: Fill action failed for '#passwd': Page.wait_for_selector: Timeout 5000ms exceeded.\nE   Call log:\nE     - waiting for locator(\"#passwd\") to be visible","flaky":false,"newFailed":false,"newBroken":false,"newPassed":false,"retriesCount":0,"retriesStatusChange":false,"beforeStages":[{"name":"base_url","time":{"start":1759216139086,"stop":1759216139086,"duration":0},"status":"passed","steps":[],"attachments":[],"parameters":[],"shouldDisplayMessage":false,"stepsCount":0,"attachmentsCount":0,"hasContent":false},{"name":"_verify_url","time":{"start":1759216139086,"stop":1759216139086,"duration":0},"status":"passed","steps":[],"attachments":[],"parameters":[],"shouldDisplayMessage":false,"stepsCount":0,"attachmentsCount":0,"hasContent":false},{"name":"_session_faker","time":{"start":1759216139087,"stop":1759216139088,"duration":1},"status":"passed","steps":[],"attachments":[],"parameters":[],"shouldDisplayMessage":false,"stepsCount":0,"attachmentsCount":0,"hasContent":false},{"name":"pytestconfig","time":{"start":1759216139088,"stop":1759216139088,"duration":0},"status":"passed","steps":[],"attachments":[],"parameters":[],"shouldDisplayMessage":false,"stepsCount":0,"attachmentsCount":0,"hasContent":false},{"name":"delete_output_dir","time":{"start":1759216139088,"stop":1759216139088,"duration":0},"status":"passed","steps":[],"attachments":[],"parameters":[],"shouldDisplayMessage":false,"stepsCount":0,"attachmentsCount":0,"hasContent":false},{"name":"browser_type_launch_args","time":{"start":1759216139623,"stop":1759216139623,"duration":0},"status":"passed","steps":[],"attachments":[],"parameters":[],"shouldDisplayMessage":false,"stepsCount":0,"attachmentsCount":0,"hasContent":false},{"name":"playwright","time":{"start":1759216139624,"stop":1759216139926,"duration":302},"status":"passed","steps":[],"attachments":[],"parameters":[],"shouldDisplayMessage":false,"stepsCount":0,"attachmentsCount":0,"hasContent":false},{"name":"browser_name","time":{"start":1759216139926,"stop":1759216139926,"duration":0},"status":"passed","steps":[],"attachments":[],"parameters":[],"shouldDisplayMessage":false,"stepsCount":0,"attachmentsCount":0,"hasContent":false},{"name":"browser_type","time":{"start":1759216139926,"stop":1759216139926,"duration":0},"status":"passed","steps":[],"attachments":[],"parameters":[],"shouldDisplayMessage":false,"stepsCount":0,"attachmentsCount":0,"hasContent":false},{"name":"connect_options","time":{"start":1759216139927,"stop":1759216139927,"duration":0},"status":"passed","steps":[],"attachments":[],"parameters":[],"shouldDisplayMessage":false,"stepsCount":0,"attachmentsCount":0,"hasContent":false},{"name":"launch_browser","time":{"start":1759216139927,"stop":1759216139927,"duration":0},"status":"passed","steps":[],"attachments":[],"parameters":[],"shouldDisplayMessage":false,"stepsCount":0,"attachmentsCount":0,"hasContent":false},{"name":"browser","time":{"start":1759216139927,"stop":1759216142376,"duration":2449},"status":"passed","steps":[],"attachments":[],"parameters":[],"shouldDisplayMessage":false,"stepsCount":0,"attachmentsCount":0,"hasContent":false},{"name":"device","time":{"start":1759216142376,"stop":1759216142376,"duration":0},"status":"passed","steps":[],"attachments":[],"parameters":[],"shouldDisplayMessage":false,"stepsCount":0,"attachmentsCount":0,"hasContent":false},{"name":"_pw_artifacts_folder","time":{"start":1759216142377,"stop":1759216142377,"duration":0},"status":"passed","steps":[],"attachments":[],"parameters":[],"shouldDisplayMessage":false,"stepsCount":0,"attachmentsCount":0,"hasContent":false},{"name":"browser_context_args","time":{"start":1759216142377,"stop":1759216142377,"duration":0},"status":"passed","steps":[],"attachments":[],"parameters":[],"shouldDisplayMessage":false,"stepsCount":0,"attachmentsCount":0,"hasContent":false},{"name":"output_path","time":{"start":1759216274792,"stop":1759216274792,"duration":0},"status":"passed","steps":[],"attachments":[],"parameters":[],"shouldDisplayMessage":false,"stepsCount":0,"attachmentsCount":0,"hasContent":false},{"name":"new_context","time":{"start":1759216274792,"stop":1759216274792,"duration":0},"status":"passed","steps":[],"attachments":[],"parameters":[],"shouldDisplayMessage":false,"stepsCount":0,"attachmentsCount":0,"hasContent":false},{"name":"context","time":{"start":1759216274792,"stop":1759216274795,"duration":3},"status":"passed","steps":[],"attachments":[],"parameters":[],"shouldDisplayMessage":false,"stepsCount":0,"attachmentsCount":0,"hasContent":false},{"name":"_artifacts_recorder","time":{"start":1759216274792,"stop":1759216274792,"duration":0},"status":"passed","steps":[],"attachments":[],"parameters":[],"shouldDisplayMessage":false,"stepsCount":0,"attachmentsCount":0,"hasContent":false},{"name":"page","time":{"start":1759216274795,"stop":1759216274817,"duration":22},"status":"passed","steps":[],"attachments":[],"parameters":[],"shouldDisplayMessage":false,"stepsCount":0,"attachmentsCount":0,"hasContent":false},{"name":"page","time":{"start":1759216274817,"stop":1759216274871,"duration":54},"status":"passed","steps":[],"attachments":[],"parameters":[],"shouldDisplayMessage":false,"stepsCount":0,"attachmentsCount":0,"hasContent":false},{"name":"setup_method","time":{"start":1759216274871,"stop":1759216283695,"duration":8824},"status":"failed","statusMessage":"AssertionError: Fill action failed for '#passwd': Page.wait_for_selector: Timeout 5000ms exceeded.\nCall log:\n  - waiting for locator(\"#passwd\") to be visible\n\n","statusTrace":"  File \"/opt/hostedtoolcache/Python/3.10.18/x64/lib/python3.10/site-packages/pluggy/_callers.py\", line 38, in run_old_style_hookwrapper\n    res = yield\n  File \"/opt/hostedtoolcache/Python/3.10.18/x64/lib/python3.10/site-packages/pluggy/_callers.py\", line 139, in _multicall\n    teardown.throw(exception)\n  File \"/opt/hostedtoolcache/Python/3.10.18/x64/lib/python3.10/site-packages/pluggy/_callers.py\", line 53, in run_old_style_hookwrapper\n    return result.get_result()\n  File \"/opt/hostedtoolcache/Python/3.10.18/x64/lib/python3.10/site-packages/pluggy/_result.py\", line 103, in get_result\n    raise exc.with_traceback(tb)\n  File \"/opt/hostedtoolcache/Python/3.10.18/x64/lib/python3.10/site-packages/pluggy/_callers.py\", line 38, in run_old_style_hookwrapper\n    res = yield\n  File \"/opt/hostedtoolcache/Python/3.10.18/x64/lib/python3.10/site-packages/pluggy/_callers.py\", line 139, in _multicall\n    teardown.throw(exception)\n  File \"/opt/hostedtoolcache/Python/3.10.18/x64/lib/python3.10/site-packages/_pytest/setuponly.py\", line 36, in pytest_fixture_setup\n    return (yield)\n  File \"/opt/hostedtoolcache/Python/3.10.18/x64/lib/python3.10/site-packages/pluggy/_callers.py\", line 121, in _multicall\n    res = hook_impl.function(*args)\n  File \"/opt/hostedtoolcache/Python/3.10.18/x64/lib/python3.10/site-packages/_pytest/fixtures.py\", line 1122, in pytest_fixture_setup\n    result = call_fixture_func(fixturefunc, request, kwargs)\n  File \"/opt/hostedtoolcache/Python/3.10.18/x64/lib/python3.10/site-packages/_pytest/fixtures.py\", line 884, in call_fixture_func\n    fixture_result = fixturefunc(**kwargs)\n  File \"/home/runner/work/SMBC-IntelliTest/SMBC-IntelliTest/SRC/tests/tests_ui/test_order_page.py\", line 22, in setup_method\n    self.login_helper.login(\n  File \"/home/runner/work/SMBC-IntelliTest/SMBC-IntelliTest/Utilities/ReportUtils/report_utils.py\", line 28, in wrapper\n    return func(*a, **kw)\n  File \"/home/runner/work/SMBC-IntelliTest/SMBC-IntelliTest/SRC/helpers/login_helper.py\", line 24, in login\n    self.login_page.enter_password(password)\n  File \"/opt/hostedtoolcache/Python/3.10.18/x64/lib/python3.10/site-packages/allure_commons/_allure.py\", line 202, in impl\n    return func(*a, **kw)\n  File \"/home/runner/work/SMBC-IntelliTest/SMBC-IntelliTest/Utilities/ReportUtils/alure_utils.py\", line 78, in wrapper\n    return func(*args, **kwargs)\n  File \"/home/runner/work/SMBC-IntelliTest/SMBC-IntelliTest/SRC/pages/login_page.py\", line 37, in enter_password\n    self.fill(self.__loc_password_input, password, description=\"password input field\")\n  File \"/home/runner/work/SMBC-IntelliTest/SMBC-IntelliTest/SRC/base/base_page.py\", line 36, in fill\n    raise AssertionError(f\"Fill action failed for '{selector}': {str(e)}\") from e\n","steps":[{"name":"Performing Login with username and password","time":{"start":1759216274872,"stop":1759216283694,"duration":8822},"status":"failed","statusMessage":"AssertionError: Fill action failed for '#passwd': Page.wait_for_selector: Timeout 5000ms exceeded.\nCall log:\n  - waiting for locator(\"#passwd\") to be visible\n\n","statusTrace":"  File \"/home/runner/work/SMBC-IntelliTest/SMBC-IntelliTest/Utilities/ReportUtils/report_utils.py\", line 28, in wrapper\n    return func(*a, **kw)\n  File \"/home/runner/work/SMBC-IntelliTest/SMBC-IntelliTest/SRC/helpers/login_helper.py\", line 24, in login\n    self.login_page.enter_password(password)\n  File \"/opt/hostedtoolcache/Python/3.10.18/x64/lib/python3.10/site-packages/allure_commons/_allure.py\", line 202, in impl\n    return func(*a, **kw)\n  File \"/home/runner/work/SMBC-IntelliTest/SMBC-IntelliTest/Utilities/ReportUtils/alure_utils.py\", line 78, in wrapper\n    return func(*args, **kwargs)\n  File \"/home/runner/work/SMBC-IntelliTest/SMBC-IntelliTest/SRC/pages/login_page.py\", line 37, in enter_password\n    self.fill(self.__loc_password_input, password, description=\"password input field\")\n  File \"/home/runner/work/SMBC-IntelliTest/SMBC-IntelliTest/SRC/base/base_page.py\", line 36, in fill\n    raise AssertionError(f\"Fill action failed for '{selector}': {str(e)}\") from e\n","steps":[{"name":"Entering username.","time":{"start":1759216274873,"stop":1759216274900,"duration":27},"status":"passed","steps":[],"attachments":[],"parameters":[{"name":"args","value":"(<SRC.pages.login_page.LoginPage object at 0x7f7cc0b69ff0>, 'standard_user')"}],"shouldDisplayMessage":false,"stepsCount":0,"attachmentsCount":0,"hasContent":true},{"name":"Entering password","time":{"start":1759216274901,"stop":1759216283694,"duration":8793},"status":"failed","statusMessage":"AssertionError: Fill action failed for '#passwd': Page.wait_for_selector: Timeout 5000ms exceeded.\nCall log:\n  - waiting for locator(\"#passwd\") to be visible\n\n","statusTrace":"  File \"/opt/hostedtoolcache/Python/3.10.18/x64/lib/python3.10/site-packages/allure_commons/_allure.py\", line 202, in impl\n    return func(*a, **kw)\n  File \"/home/runner/work/SMBC-IntelliTest/SMBC-IntelliTest/Utilities/ReportUtils/alure_utils.py\", line 78, in wrapper\n    return func(*args, **kwargs)\n  File \"/home/runner/work/SMBC-IntelliTest/SMBC-IntelliTest/SRC/pages/login_page.py\", line 37, in enter_password\n    self.fill(self.__loc_password_input, password, description=\"password input field\")\n  File \"/home/runner/work/SMBC-IntelliTest/SMBC-IntelliTest/SRC/base/base_page.py\", line 36, in fill\n    raise AssertionError(f\"Fill action failed for '{selector}': {str(e)}\") from e\n","steps":[],"attachments":[],"parameters":[{"name":"args","value":"(<SRC.pages.login_page.LoginPage object at 0x7f7cc0b69ff0>, 'secret_sauce')"}],"shouldDisplayMessage":true,"stepsCount":0,"attachmentsCount":0,"hasContent":true}],"attachments":[],"parameters":[],"shouldDisplayMessage":false,"stepsCount":2,"attachmentsCount":0,"hasContent":true}],"attachments":[],"parameters":[],"shouldDisplayMessage":false,"stepsCount":3,"attachmentsCount":0,"hasContent":true}],"testStage":{"description":"Verify that the order is created successfully.","status":"failed","statusMessage":"AssertionError: Fill action failed for '#passwd': Page.wait_for_selector: Timeout 5000ms exceeded.\nCall log:\n  - waiting for locator(\"#passwd\") to be visible","statusTrace":"SRC/base/base_page.py:29: in fill\n    el = self.page.wait_for_selector(selector, timeout=timeout)\n/opt/hostedtoolcache/Python/3.10.18/x64/lib/python3.10/site-packages/playwright/sync_api/_generated.py:8182: in wait_for_selector\n    self._sync(\n/opt/hostedtoolcache/Python/3.10.18/x64/lib/python3.10/site-packages/playwright/_impl/_page.py:423: in wait_for_selector\n    return await self._main_frame.wait_for_selector(**locals_to_params(locals()))\n/opt/hostedtoolcache/Python/3.10.18/x64/lib/python3.10/site-packages/playwright/_impl/_frame.py:369: in wait_for_selector\n    await self._channel.send(\n/opt/hostedtoolcache/Python/3.10.18/x64/lib/python3.10/site-packages/playwright/_impl/_connection.py:69: in send\n    return await self._connection.wrap_api_call(\n/opt/hostedtoolcache/Python/3.10.18/x64/lib/python3.10/site-packages/playwright/_impl/_connection.py:558: in wrap_api_call\n    raise rewrite_error(error, f\"{parsed_st['apiName']}: {error}\") from None\nE   playwright._impl._errors.TimeoutError: Page.wait_for_selector: Timeout 5000ms exceeded.\nE   Call log:\nE     - waiting for locator(\"#passwd\") to be visible\n\nThe above exception was the direct cause of the following exception:\nSRC/tests/tests_ui/test_order_page.py:22: in setup_method\n    self.login_helper.login(\nUtilities/ReportUtils/report_utils.py:28: in wrapper\n    return func(*a, **kw)\nSRC/helpers/login_helper.py:24: in login\n    self.login_page.enter_password(password)\nUtilities/ReportUtils/alure_utils.py:78: in wrapper\n    return func(*args, **kwargs)\nSRC/pages/login_page.py:37: in enter_password\n    self.fill(self.__loc_password_input, password, description=\"password input field\")\nSRC/base/base_page.py:36: in fill\n    raise AssertionError(f\"Fill action failed for '{selector}': {str(e)}\") from e\nE   AssertionError: Fill action failed for '#passwd': Page.wait_for_selector: Timeout 5000ms exceeded.\nE   Call log:\nE     - waiting for locator(\"#passwd\") to be visible","steps":[],"attachments":[{"uid":"2cdd49d594b25fb8","name":"log","source":"2cdd49d594b25fb8.txt","type":"text/plain","size":26817}],"parameters":[],"shouldDisplayMessage":true,"stepsCount":0,"attachmentsCount":1,"hasContent":true},"afterStages":[{"name":"page::0","time":{"start":1759216283892,"stop":1759216283895,"duration":3},"status":"passed","steps":[],"attachments":[],"parameters":[],"shouldDisplayMessage":false,"stepsCount":0,"attachmentsCount":0,"hasContent":false},{"name":"new_context::0","time":{"start":1759216283896,"stop":1759216283900,"duration":4},"status":"passed","steps":[],"attachments":[],"parameters":[],"shouldDisplayMessage":false,"stepsCount":0,"attachmentsCount":0,"hasContent":false},{"name":"_artifacts_recorder::0","time":{"start":1759216283900,"stop":1759216283900,"duration":0},"status":"passed","steps":[],"attachments":[],"parameters":[],"shouldDisplayMessage":false,"stepsCount":0,"attachmentsCount":0,"hasContent":false},{"name":"_pw_artifacts_folder::0","time":{"start":1759216287969,"stop":1759216287969,"duration":0},"status":"passed","steps":[],"attachments":[],"parameters":[],"shouldDisplayMessage":false,"stepsCount":0,"attachmentsCount":0,"hasContent":false},{"name":"browser::0","time":{"start":1759216287970,"stop":1759216288005,"duration":35},"status":"passed","steps":[],"attachments":[],"parameters":[],"shouldDisplayMessage":false,"stepsCount":0,"attachmentsCount":0,"hasContent":false},{"name":"playwright::0","time":{"start":1759216288007,"stop":1759216288013,"duration":6},"status":"passed","steps":[],"attachments":[],"parameters":[],"shouldDisplayMessage":false,"stepsCount":0,"attachmentsCount":0,"hasContent":false}],"labels":[{"name":"tag","value":"ui_validation"},{"name":"severity","value":"critical"},{"name":"story","value":"Verify Order Creation"},{"name":"owner","value":"swapnil"},{"name":"tag","value":"regression"},{"name":"epic","value":"Order Processing"},{"name":"feature","value":"Core Business Req"},{"name":"tag","value":"regression"},{"name":"tag","value":"ui_validation"},{"name":"parentSuite","value":"SRC.tests.tests_ui"},{"name":"suite","value":"test_order_page"},{"name":"subSuite","value":"TestOrderPage"},{"name":"host","value":"runnervm3ublj"},{"name":"thread","value":"2824-MainThread"},{"name":"framework","value":"pytest"},{"name":"language","value":"cpython3"},{"name":"package","value":"SRC.tests.tests_ui.test_order_page"},{"name":"resultFormat","value":"allure2"}],"parameters":[],"links":[{"name":"Jira MYS-13","url":"https://sauce1100.atlassian.net/browse/MYS-13","type":"link"}],"hidden":false,"retry":false,"extra":{"severity":"critical","owner":"swapnil","retries":[],"categories":[{"name":"Product defects","matchedStatuses":[],"flaky":false}],"history":{"statistic":{"failed":192,"broken":0,"skipped":0,"passed":0,"unknown":0,"total":192},"items":[{"uid":"d8cfdf05b34426e3","reportUrl":"https://aaryaa-infobeans.github.io/SMBC-IntelliTest/104//#testresult/d8cfdf05b34426e3","status":"failed","statusDetails":"AssertionError: Locator expected to be visible\nActual value: <element(s) not found> \nCall log:\n  - Expect \"to_be_visible\" with timeout 5000ms\n  - waiting for locator(\"//a[.='Continue Shopping']\")","time":{"start":1759194480738,"stop":1759194486170,"duration":5432}},{"uid":"35b45b1ff36e914d","reportUrl":"https://aaryaa-infobeans.github.io/SMBC-IntelliTest/110//#testresult/35b45b1ff36e914d","status":"failed","statusDetails":"AssertionError: Locator expected to be visible\nActual value: <element(s) not found> \nCall log:\n  - Expect \"to_be_visible\" with timeout 5000ms\n  - waiting for locator(\"//a[.='Continue Shopping']\")","time":{"start":1759192835380,"stop":1759192840757,"duration":5377}},{"uid":"f22ccfbe879e2d13","reportUrl":"https://aaryaa-infobeans.github.io/SMBC-IntelliTest/103//#testresult/f22ccfbe879e2d13","status":"failed","statusDetails":"AssertionError: Locator expected to be visible\nActual value: <element(s) not found> \nCall log:\n  - Expect \"to_be_visible\" with timeout 5000ms\n  - waiting for locator(\"//a[.='Continue Shopping']\")","time":{"start":1759192830712,"stop":1759192836136,"duration":5424}},{"uid":"f87661417f26c9f","reportUrl":"https://aaryaa-infobeans.github.io/SMBC-IntelliTest/109//#testresult/f87661417f26c9f","status":"failed","statusDetails":"AssertionError: Locator expected to be visible\nActual value: <element(s) not found> \nCall log:\n  - Expect \"to_be_visible\" with timeout 5000ms\n  - waiting for locator(\"//a[.='Continue Shopping']\")","time":{"start":1759192676108,"stop":1759192681680,"duration":5572}},{"uid":"412286e55b3a7dcf","reportUrl":"https://aaryaa-infobeans.github.io/SMBC-IntelliTest/102//#testresult/412286e55b3a7dcf","status":"failed","statusDetails":"AssertionError: Locator expected to be visible\nActual value: <element(s) not found> \nCall log:\n  - Expect \"to_be_visible\" with timeout 5000ms\n  - waiting for locator(\"//a[.='Continue Shopping']\")","time":{"start":1759192673522,"stop":1759192678932,"duration":5410}},{"uid":"afa679ddc602711d","reportUrl":"https://aaryaa-infobeans.github.io/SMBC-IntelliTest/108//#testresult/afa679ddc602711d","status":"failed","statusDetails":"AssertionError: Locator expected to be visible\nActual value: <element(s) not found> \nCall log:\n  - Expect \"to_be_visible\" with timeout 5000ms\n  - waiting for locator(\"//a[.='Continue Shopping']\")","time":{"start":1759192434063,"stop":1759192439597,"duration":5534}},{"uid":"89c182ad85d0c085","reportUrl":"https://aaryaa-infobeans.github.io/SMBC-IntelliTest/101//#testresult/89c182ad85d0c085","status":"failed","statusDetails":"AssertionError: Locator expected to be visible\nActual value: <element(s) not found> \nCall log:\n  - Expect \"to_be_visible\" with timeout 5000ms\n  - waiting for locator(\"//a[.='Continue Shopping']\")","time":{"start":1759192408536,"stop":1759192413932,"duration":5396}},{"uid":"e7881b840d4fa92c","reportUrl":"https://aaryaa-infobeans.github.io/SMBC-IntelliTest/100//#testresult/e7881b840d4fa92c","status":"failed","statusDetails":"AssertionError: Locator expected to be visible\nActual value: <element(s) not found> \nCall log:\n  - Expect \"to_be_visible\" with timeout 5000ms\n  - waiting for locator(\"//a[.='Continue Shopping']\")","time":{"start":1759192186183,"stop":1759192191490,"duration":5307}},{"uid":"2c95408a366e95c6","reportUrl":"https://aaryaa-infobeans.github.io/SMBC-IntelliTest/106//#testresult/2c95408a366e95c6","status":"failed","statusDetails":"AssertionError: Locator expected to be visible\nActual value: <element(s) not found> \nCall log:\n  - Expect \"to_be_visible\" with timeout 5000ms\n  - waiting for locator(\"//a[.='Continue Shopping']\")","time":{"start":1759191931503,"stop":1759191936958,"duration":5455}},{"uid":"fc237b982fa46a80","reportUrl":"https://aaryaa-infobeans.github.io/SMBC-IntelliTest/98//#testresult/fc237b982fa46a80","status":"failed","statusDetails":"AssertionError: Locator expected to be visible\nActual value: <element(s) not found> \nCall log:\n  - Expect \"to_be_visible\" with timeout 5000ms\n  - waiting for locator(\"//a[.='Continue Shopping']\")","time":{"start":1759191674028,"stop":1759191679458,"duration":5430}},{"uid":"3b93713fa12c1737","reportUrl":"https://aaryaa-infobeans.github.io/SMBC-IntelliTest/105//#testresult/3b93713fa12c1737","status":"failed","statusDetails":"AssertionError: Locator expected to be visible\nActual value: <element(s) not found> \nCall log:\n  - Expect \"to_be_visible\" with timeout 5000ms\n  - waiting for locator(\"//a[.='Continue Shopping']\")","time":{"start":1759191665774,"stop":1759191671140,"duration":5366}},{"uid":"307d8534a1ae84ea","reportUrl":"https://aaryaa-infobeans.github.io/SMBC-IntelliTest/97//#testresult/307d8534a1ae84ea","status":"failed","statusDetails":"AssertionError: Locator expected to be visible\nActual value: <element(s) not found> \nCall log:\n  - Expect \"to_be_visible\" with timeout 5000ms\n  - waiting for locator(\"//a[.='Continue Shopping']\")","time":{"start":1759191422491,"stop":1759191427977,"duration":5486}},{"uid":"b389440456967899","reportUrl":"https://aaryaa-infobeans.github.io/SMBC-IntelliTest/104//#testresult/b389440456967899","status":"failed","statusDetails":"AssertionError: Locator expected to be visible\nActual value: <element(s) not found> \nCall log:\n  - Expect \"to_be_visible\" with timeout 5000ms\n  - waiting for locator(\"//a[.='Continue Shopping']\")","time":{"start":1759191406314,"stop":1759191411667,"duration":5353}},{"uid":"ffd636f908cb34c0","reportUrl":"https://aaryaa-infobeans.github.io/SMBC-IntelliTest/103//#testresult/ffd636f908cb34c0","status":"failed","statusDetails":"AssertionError: Locator expected to be visible\nActual value: <element(s) not found> \nCall log:\n  - Expect \"to_be_visible\" with timeout 5000ms\n  - waiting for locator(\"//a[.='Continue Shopping']\")","time":{"start":1759191168758,"stop":1759191174166,"duration":5408}},{"uid":"188a76b71ce59be2","reportUrl":"https://aaryaa-infobeans.github.io/SMBC-IntelliTest/96//#testresult/188a76b71ce59be2","status":"failed","statusDetails":"AssertionError: Locator expected to be visible\nActual value: <element(s) not found> \nCall log:\n  - Expect \"to_be_visible\" with timeout 5000ms\n  - waiting for locator(\"//a[.='Continue Shopping']\")","time":{"start":1759191163743,"stop":1759191169160,"duration":5417}},{"uid":"b4401787d2f5e674","reportUrl":"https://aaryaa-infobeans.github.io/SMBC-IntelliTest/102//#testresult/b4401787d2f5e674","status":"failed","statusDetails":"AssertionError: Locator expected to be visible\nActual value: <element(s) not found> \nCall log:\n  - Expect \"to_be_visible\" with timeout 5000ms\n  - waiting for locator(\"//a[.='Continue Shopping']\")","time":{"start":1759190896891,"stop":1759190902482,"duration":5591}},{"uid":"322ba798a0b082da","reportUrl":"https://aaryaa-infobeans.github.io/SMBC-IntelliTest/95//#testresult/322ba798a0b082da","status":"failed","statusDetails":"AssertionError: Locator expected to be visible\nActual value: <element(s) not found> \nCall log:\n  - Expect \"to_be_visible\" with timeout 5000ms\n  - waiting for locator(\"//a[.='Continue Shopping']\")","time":{"start":1759190894248,"stop":1759190899699,"duration":5451}},{"uid":"8174f011aae50023","reportUrl":"https://aaryaa-infobeans.github.io/SMBC-IntelliTest/101//#testresult/8174f011aae50023","status":"failed","statusDetails":"AssertionError: Locator expected to be visible\nActual value: <element(s) not found> \nCall log:\n  - Expect \"to_be_visible\" with timeout 5000ms\n  - waiting for locator(\"//a[.='Continue Shopping']\")","time":{"start":1759190619790,"stop":1759190625205,"duration":5415}},{"uid":"59d522e3b743c20e","reportUrl":"https://aaryaa-infobeans.github.io/SMBC-IntelliTest/94//#testresult/59d522e3b743c20e","status":"failed","statusDetails":"AssertionError: Locator expected to be visible\nActual value: <element(s) not found> \nCall log:\n  - Expect \"to_be_visible\" with timeout 5000ms\n  - waiting for locator(\"//a[.='Continue Shopping']\")","time":{"start":1759190593825,"stop":1759190599263,"duration":5438}},{"uid":"c790496efdbcd336","reportUrl":"https://aaryaa-infobeans.github.io/SMBC-IntelliTest/100//#testresult/c790496efdbcd336","status":"failed","statusDetails":"AssertionError: Locator expected to be visible\nActual value: <element(s) not found> \nCall log:\n  - Expect \"to_be_visible\" with timeout 5000ms\n  - waiting for locator(\"//a[.='Continue Shopping']\")","time":{"start":1759190308089,"stop":1759190313496,"duration":5407}}]},"tags":["ui_validation","regression"]},"source":"51c416ff1ca46598.json","parameterValues":[]}