{"uid":"b50dba78d8673731","name":"Verify Order Creation","fullName":"SRC.tests.tests_ui.test_order_page.TestOrderPage#test_order_creation","historyId":"31b83017e481631029999c75cea482b6","time":{"start":1759167505917,"stop":1759167505917,"duration":0},"description":"Verify that the order is created successfully.","descriptionHtml":"<p>Verify that the order is created successfully.</p>\n","status":"failed","statusMessage":"AssertionError: Fill action failed for '#passwd': Page.wait_for_selector: Timeout 5000ms exceeded.\nCall log:\n  - waiting for locator(\"#passwd\") to be visible","statusTrace":"SRC/base/base_page.py:29: in fill\n    el = self.page.wait_for_selector(selector, timeout=timeout)\n/opt/hostedtoolcache/Python/3.10.18/x64/lib/python3.10/site-packages/playwright/sync_api/_generated.py:8182: in wait_for_selector\n    self._sync(\n/opt/hostedtoolcache/Python/3.10.18/x64/lib/python3.10/site-packages/playwright/_impl/_page.py:423: in wait_for_selector\n    return await self._main_frame.wait_for_selector(**locals_to_params(locals()))\n/opt/hostedtoolcache/Python/3.10.18/x64/lib/python3.10/site-packages/playwright/_impl/_frame.py:369: in wait_for_selector\n    await self._channel.send(\n/opt/hostedtoolcache/Python/3.10.18/x64/lib/python3.10/site-packages/playwright/_impl/_connection.py:69: in send\n    return await self._connection.wrap_api_call(\n/opt/hostedtoolcache/Python/3.10.18/x64/lib/python3.10/site-packages/playwright/_impl/_connection.py:558: in wrap_api_call\n    raise rewrite_error(error, f\"{parsed_st['apiName']}: {error}\") from None\nE   playwright._impl._errors.TimeoutError: Page.wait_for_selector: Timeout 5000ms exceeded.\nE   Call log:\nE     - waiting for locator(\"#passwd\") to be visible\n\nThe above exception was the direct cause of the following exception:\nSRC/tests/tests_ui/test_order_page.py:22: in setup_method\n    self.login_helper.login(\nUtilities/ReportUtils/report_utils.py:28: in wrapper\n    return func(*a, **kw)\nSRC/helpers/login_helper.py:27: in login\n    self.login_page.enter_password(password)\nUtilities/ReportUtils/alure_utils.py:78: in wrapper\n    return func(*args, **kwargs)\nSRC/pages/login_page.py:40: in enter_password\n    self.fill(self.__loc_password_input, password, description=\"password input field\")\nSRC/base/base_page.py:36: in fill\n    raise AssertionError(f\"Fill action failed for '{selector}': {str(e)}\") from e\nE   AssertionError: Fill action failed for '#passwd': Page.wait_for_selector: Timeout 5000ms exceeded.\nE   Call log:\nE     - waiting for locator(\"#passwd\") to be visible","flaky":false,"newFailed":false,"newBroken":false,"newPassed":false,"retriesCount":0,"retriesStatusChange":false,"beforeStages":[{"name":"_verify_url","time":{"start":1759167422183,"stop":1759167422183,"duration":0},"status":"passed","steps":[],"attachments":[],"parameters":[],"shouldDisplayMessage":false,"stepsCount":0,"attachmentsCount":0,"hasContent":false},{"name":"_session_faker","time":{"start":1759167422183,"stop":1759167422184,"duration":1},"status":"passed","steps":[],"attachments":[],"parameters":[],"shouldDisplayMessage":false,"stepsCount":0,"attachmentsCount":0,"hasContent":false},{"name":"base_url","time":{"start":1759167422183,"stop":1759167422183,"duration":0},"status":"passed","steps":[],"attachments":[],"parameters":[],"shouldDisplayMessage":false,"stepsCount":0,"attachmentsCount":0,"hasContent":false},{"name":"pytestconfig","time":{"start":1759167422185,"stop":1759167422185,"duration":0},"status":"passed","steps":[],"attachments":[],"parameters":[],"shouldDisplayMessage":false,"stepsCount":0,"attachmentsCount":0,"hasContent":false},{"name":"delete_output_dir","time":{"start":1759167422185,"stop":1759167422185,"duration":0},"status":"passed","steps":[],"attachments":[],"parameters":[],"shouldDisplayMessage":false,"stepsCount":0,"attachmentsCount":0,"hasContent":false},{"name":"playwright","time":{"start":1759167423824,"stop":1759167424119,"duration":295},"status":"passed","steps":[],"attachments":[],"parameters":[],"shouldDisplayMessage":false,"stepsCount":0,"attachmentsCount":0,"hasContent":false},{"name":"browser_type_launch_args","time":{"start":1759167423824,"stop":1759167423824,"duration":0},"status":"passed","steps":[],"attachments":[],"parameters":[],"shouldDisplayMessage":false,"stepsCount":0,"attachmentsCount":0,"hasContent":false},{"name":"browser","time":{"start":1759167424119,"stop":1759167425136,"duration":1017},"status":"passed","steps":[],"attachments":[],"parameters":[],"shouldDisplayMessage":false,"stepsCount":0,"attachmentsCount":0,"hasContent":false},{"name":"launch_browser","time":{"start":1759167424119,"stop":1759167424119,"duration":0},"status":"passed","steps":[],"attachments":[],"parameters":[],"shouldDisplayMessage":false,"stepsCount":0,"attachmentsCount":0,"hasContent":false},{"name":"connect_options","time":{"start":1759167424119,"stop":1759167424119,"duration":0},"status":"passed","steps":[],"attachments":[],"parameters":[],"shouldDisplayMessage":false,"stepsCount":0,"attachmentsCount":0,"hasContent":false},{"name":"browser_name","time":{"start":1759167424119,"stop":1759167424119,"duration":0},"status":"passed","steps":[],"attachments":[],"parameters":[],"shouldDisplayMessage":false,"stepsCount":0,"attachmentsCount":0,"hasContent":false},{"name":"browser_type","time":{"start":1759167424119,"stop":1759167424119,"duration":0},"status":"passed","steps":[],"attachments":[],"parameters":[],"shouldDisplayMessage":false,"stepsCount":0,"attachmentsCount":0,"hasContent":false},{"name":"browser_context_args","time":{"start":1759167425137,"stop":1759167425137,"duration":0},"status":"passed","steps":[],"attachments":[],"parameters":[],"shouldDisplayMessage":false,"stepsCount":0,"attachmentsCount":0,"hasContent":false},{"name":"device","time":{"start":1759167425137,"stop":1759167425137,"duration":0},"status":"passed","steps":[],"attachments":[],"parameters":[],"shouldDisplayMessage":false,"stepsCount":0,"attachmentsCount":0,"hasContent":false},{"name":"_pw_artifacts_folder","time":{"start":1759167425137,"stop":1759167425137,"duration":0},"status":"passed","steps":[],"attachments":[],"parameters":[],"shouldDisplayMessage":false,"stepsCount":0,"attachmentsCount":0,"hasContent":false},{"name":"context","time":{"start":1759167505918,"stop":1759167505921,"duration":3},"status":"passed","steps":[],"attachments":[],"parameters":[],"shouldDisplayMessage":false,"stepsCount":0,"attachmentsCount":0,"hasContent":false},{"name":"new_context","time":{"start":1759167505918,"stop":1759167505918,"duration":0},"status":"passed","steps":[],"attachments":[],"parameters":[],"shouldDisplayMessage":false,"stepsCount":0,"attachmentsCount":0,"hasContent":false},{"name":"output_path","time":{"start":1759167505918,"stop":1759167505918,"duration":0},"status":"passed","steps":[],"attachments":[],"parameters":[],"shouldDisplayMessage":false,"stepsCount":0,"attachmentsCount":0,"hasContent":false},{"name":"_artifacts_recorder","time":{"start":1759167505918,"stop":1759167505918,"duration":0},"status":"passed","steps":[],"attachments":[],"parameters":[],"shouldDisplayMessage":false,"stepsCount":0,"attachmentsCount":0,"hasContent":false},{"name":"page","time":{"start":1759167505921,"stop":1759167505943,"duration":22},"status":"passed","steps":[],"attachments":[],"parameters":[],"shouldDisplayMessage":false,"stepsCount":0,"attachmentsCount":0,"hasContent":false},{"name":"page","time":{"start":1759167505943,"stop":1759167505999,"duration":56},"status":"passed","steps":[],"attachments":[],"parameters":[],"shouldDisplayMessage":false,"stepsCount":0,"attachmentsCount":0,"hasContent":false},{"name":"setup_method","time":{"start":1759167505999,"stop":1759167511501,"duration":5502},"status":"failed","statusMessage":"AssertionError: Fill action failed for '#passwd': Page.wait_for_selector: Timeout 5000ms exceeded.\nCall log:\n  - waiting for locator(\"#passwd\") to be visible\n\n","statusTrace":"  File \"/opt/hostedtoolcache/Python/3.10.18/x64/lib/python3.10/site-packages/pluggy/_callers.py\", line 38, in run_old_style_hookwrapper\n    res = yield\n  File \"/opt/hostedtoolcache/Python/3.10.18/x64/lib/python3.10/site-packages/pluggy/_callers.py\", line 139, in _multicall\n    teardown.throw(exception)\n  File \"/opt/hostedtoolcache/Python/3.10.18/x64/lib/python3.10/site-packages/pluggy/_callers.py\", line 53, in run_old_style_hookwrapper\n    return result.get_result()\n  File \"/opt/hostedtoolcache/Python/3.10.18/x64/lib/python3.10/site-packages/pluggy/_result.py\", line 103, in get_result\n    raise exc.with_traceback(tb)\n  File \"/opt/hostedtoolcache/Python/3.10.18/x64/lib/python3.10/site-packages/pluggy/_callers.py\", line 38, in run_old_style_hookwrapper\n    res = yield\n  File \"/opt/hostedtoolcache/Python/3.10.18/x64/lib/python3.10/site-packages/pluggy/_callers.py\", line 139, in _multicall\n    teardown.throw(exception)\n  File \"/opt/hostedtoolcache/Python/3.10.18/x64/lib/python3.10/site-packages/_pytest/setuponly.py\", line 36, in pytest_fixture_setup\n    return (yield)\n  File \"/opt/hostedtoolcache/Python/3.10.18/x64/lib/python3.10/site-packages/pluggy/_callers.py\", line 121, in _multicall\n    res = hook_impl.function(*args)\n  File \"/opt/hostedtoolcache/Python/3.10.18/x64/lib/python3.10/site-packages/_pytest/fixtures.py\", line 1122, in pytest_fixture_setup\n    result = call_fixture_func(fixturefunc, request, kwargs)\n  File \"/opt/hostedtoolcache/Python/3.10.18/x64/lib/python3.10/site-packages/_pytest/fixtures.py\", line 884, in call_fixture_func\n    fixture_result = fixturefunc(**kwargs)\n  File \"/home/runner/work/SMBC-IntelliTest/SMBC-IntelliTest/SRC/tests/tests_ui/test_order_page.py\", line 22, in setup_method\n    self.login_helper.login(\n  File \"/home/runner/work/SMBC-IntelliTest/SMBC-IntelliTest/Utilities/ReportUtils/report_utils.py\", line 28, in wrapper\n    return func(*a, **kw)\n  File \"/home/runner/work/SMBC-IntelliTest/SMBC-IntelliTest/SRC/helpers/login_helper.py\", line 27, in login\n    self.login_page.enter_password(password)\n  File \"/opt/hostedtoolcache/Python/3.10.18/x64/lib/python3.10/site-packages/allure_commons/_allure.py\", line 202, in impl\n    return func(*a, **kw)\n  File \"/home/runner/work/SMBC-IntelliTest/SMBC-IntelliTest/Utilities/ReportUtils/alure_utils.py\", line 78, in wrapper\n    return func(*args, **kwargs)\n  File \"/home/runner/work/SMBC-IntelliTest/SMBC-IntelliTest/SRC/pages/login_page.py\", line 40, in enter_password\n    self.fill(self.__loc_password_input, password, description=\"password input field\")\n  File \"/home/runner/work/SMBC-IntelliTest/SMBC-IntelliTest/SRC/base/base_page.py\", line 36, in fill\n    raise AssertionError(f\"Fill action failed for '{selector}': {str(e)}\") from e\n","steps":[{"name":"Performing Login with username and password","time":{"start":1759167506000,"stop":1759167511501,"duration":5501},"status":"failed","statusMessage":"AssertionError: Fill action failed for '#passwd': Page.wait_for_selector: Timeout 5000ms exceeded.\nCall log:\n  - waiting for locator(\"#passwd\") to be visible\n\n","statusTrace":"  File \"/home/runner/work/SMBC-IntelliTest/SMBC-IntelliTest/Utilities/ReportUtils/report_utils.py\", line 28, in wrapper\n    return func(*a, **kw)\n  File \"/home/runner/work/SMBC-IntelliTest/SMBC-IntelliTest/SRC/helpers/login_helper.py\", line 27, in login\n    self.login_page.enter_password(password)\n  File \"/opt/hostedtoolcache/Python/3.10.18/x64/lib/python3.10/site-packages/allure_commons/_allure.py\", line 202, in impl\n    return func(*a, **kw)\n  File \"/home/runner/work/SMBC-IntelliTest/SMBC-IntelliTest/Utilities/ReportUtils/alure_utils.py\", line 78, in wrapper\n    return func(*args, **kwargs)\n  File \"/home/runner/work/SMBC-IntelliTest/SMBC-IntelliTest/SRC/pages/login_page.py\", line 40, in enter_password\n    self.fill(self.__loc_password_input, password, description=\"password input field\")\n  File \"/home/runner/work/SMBC-IntelliTest/SMBC-IntelliTest/SRC/base/base_page.py\", line 36, in fill\n    raise AssertionError(f\"Fill action failed for '{selector}': {str(e)}\") from e\n","steps":[{"name":"Entering username.","time":{"start":1759167506000,"stop":1759167506030,"duration":30},"status":"passed","steps":[],"attachments":[],"parameters":[{"name":"args","value":"(<SRC.pages.login_page.LoginPage object at 0x7f8492833520>, 'standard_user')"}],"shouldDisplayMessage":false,"stepsCount":0,"attachmentsCount":0,"hasContent":true},{"name":"Entering password","time":{"start":1759167506030,"stop":1759167511501,"duration":5471},"status":"failed","statusMessage":"AssertionError: Fill action failed for '#passwd': Page.wait_for_selector: Timeout 5000ms exceeded.\nCall log:\n  - waiting for locator(\"#passwd\") to be visible\n\n","statusTrace":"  File \"/opt/hostedtoolcache/Python/3.10.18/x64/lib/python3.10/site-packages/allure_commons/_allure.py\", line 202, in impl\n    return func(*a, **kw)\n  File \"/home/runner/work/SMBC-IntelliTest/SMBC-IntelliTest/Utilities/ReportUtils/alure_utils.py\", line 78, in wrapper\n    return func(*args, **kwargs)\n  File \"/home/runner/work/SMBC-IntelliTest/SMBC-IntelliTest/SRC/pages/login_page.py\", line 40, in enter_password\n    self.fill(self.__loc_password_input, password, description=\"password input field\")\n  File \"/home/runner/work/SMBC-IntelliTest/SMBC-IntelliTest/SRC/base/base_page.py\", line 36, in fill\n    raise AssertionError(f\"Fill action failed for '{selector}': {str(e)}\") from e\n","steps":[],"attachments":[],"parameters":[{"name":"args","value":"(<SRC.pages.login_page.LoginPage object at 0x7f8492833520>, 'secret_sauce')"}],"shouldDisplayMessage":true,"stepsCount":0,"attachmentsCount":0,"hasContent":true}],"attachments":[],"parameters":[],"shouldDisplayMessage":false,"stepsCount":2,"attachmentsCount":0,"hasContent":true}],"attachments":[],"parameters":[],"shouldDisplayMessage":false,"stepsCount":3,"attachmentsCount":0,"hasContent":true}],"testStage":{"description":"Verify that the order is created successfully.","status":"failed","statusMessage":"AssertionError: Fill action failed for '#passwd': Page.wait_for_selector: Timeout 5000ms exceeded.\nCall log:\n  - waiting for locator(\"#passwd\") to be visible","statusTrace":"SRC/base/base_page.py:29: in fill\n    el = self.page.wait_for_selector(selector, timeout=timeout)\n/opt/hostedtoolcache/Python/3.10.18/x64/lib/python3.10/site-packages/playwright/sync_api/_generated.py:8182: in wait_for_selector\n    self._sync(\n/opt/hostedtoolcache/Python/3.10.18/x64/lib/python3.10/site-packages/playwright/_impl/_page.py:423: in wait_for_selector\n    return await self._main_frame.wait_for_selector(**locals_to_params(locals()))\n/opt/hostedtoolcache/Python/3.10.18/x64/lib/python3.10/site-packages/playwright/_impl/_frame.py:369: in wait_for_selector\n    await self._channel.send(\n/opt/hostedtoolcache/Python/3.10.18/x64/lib/python3.10/site-packages/playwright/_impl/_connection.py:69: in send\n    return await self._connection.wrap_api_call(\n/opt/hostedtoolcache/Python/3.10.18/x64/lib/python3.10/site-packages/playwright/_impl/_connection.py:558: in wrap_api_call\n    raise rewrite_error(error, f\"{parsed_st['apiName']}: {error}\") from None\nE   playwright._impl._errors.TimeoutError: Page.wait_for_selector: Timeout 5000ms exceeded.\nE   Call log:\nE     - waiting for locator(\"#passwd\") to be visible\n\nThe above exception was the direct cause of the following exception:\nSRC/tests/tests_ui/test_order_page.py:22: in setup_method\n    self.login_helper.login(\nUtilities/ReportUtils/report_utils.py:28: in wrapper\n    return func(*a, **kw)\nSRC/helpers/login_helper.py:27: in login\n    self.login_page.enter_password(password)\nUtilities/ReportUtils/alure_utils.py:78: in wrapper\n    return func(*args, **kwargs)\nSRC/pages/login_page.py:40: in enter_password\n    self.fill(self.__loc_password_input, password, description=\"password input field\")\nSRC/base/base_page.py:36: in fill\n    raise AssertionError(f\"Fill action failed for '{selector}': {str(e)}\") from e\nE   AssertionError: Fill action failed for '#passwd': Page.wait_for_selector: Timeout 5000ms exceeded.\nE   Call log:\nE     - waiting for locator(\"#passwd\") to be visible","steps":[],"attachments":[{"uid":"bf4aa9594257184b","name":"log","source":"bf4aa9594257184b.txt","type":"text/plain","size":3086}],"parameters":[],"shouldDisplayMessage":true,"stepsCount":0,"attachmentsCount":1,"hasContent":true},"afterStages":[{"name":"page::0","time":{"start":1759167511721,"stop":1759167511724,"duration":3},"status":"passed","steps":[],"attachments":[],"parameters":[],"shouldDisplayMessage":false,"stepsCount":0,"attachmentsCount":0,"hasContent":false},{"name":"new_context::0","time":{"start":1759167511725,"stop":1759167511729,"duration":4},"status":"passed","steps":[],"attachments":[],"parameters":[],"shouldDisplayMessage":false,"stepsCount":0,"attachmentsCount":0,"hasContent":false},{"name":"_artifacts_recorder::0","time":{"start":1759167511730,"stop":1759167511730,"duration":0},"status":"passed","steps":[],"attachments":[],"parameters":[],"shouldDisplayMessage":false,"stepsCount":0,"attachmentsCount":0,"hasContent":false},{"name":"_pw_artifacts_folder::0","time":{"start":1759167514798,"stop":1759167514798,"duration":0},"status":"passed","steps":[],"attachments":[],"parameters":[],"shouldDisplayMessage":false,"stepsCount":0,"attachmentsCount":0,"hasContent":false},{"name":"browser::0","time":{"start":1759167514799,"stop":1759167514830,"duration":31},"status":"passed","steps":[],"attachments":[],"parameters":[],"shouldDisplayMessage":false,"stepsCount":0,"attachmentsCount":0,"hasContent":false},{"name":"playwright::0","time":{"start":1759167514832,"stop":1759167514838,"duration":6},"status":"passed","steps":[],"attachments":[],"parameters":[],"shouldDisplayMessage":false,"stepsCount":0,"attachmentsCount":0,"hasContent":false}],"labels":[{"name":"feature","value":"Core Business Req"},{"name":"tag","value":"regression"},{"name":"severity","value":"critical"},{"name":"story","value":"Verify Order Creation"},{"name":"tag","value":"ui_validation"},{"name":"epic","value":"Order Processing"},{"name":"owner","value":"swapnil"},{"name":"tag","value":"regression"},{"name":"tag","value":"ui_validation"},{"name":"parentSuite","value":"SRC.tests.tests_ui"},{"name":"suite","value":"test_order_page"},{"name":"subSuite","value":"TestOrderPage"},{"name":"host","value":"runnervm3ublj"},{"name":"thread","value":"2833-MainThread"},{"name":"framework","value":"pytest"},{"name":"language","value":"cpython3"},{"name":"package","value":"SRC.tests.tests_ui.test_order_page"},{"name":"resultFormat","value":"allure2"}],"parameters":[],"links":[{"name":"Jira MYS-13","url":"https://sauce1100.atlassian.net/browse/MYS-13","type":"link"}],"hidden":false,"retry":false,"extra":{"severity":"critical","owner":"swapnil","retries":[],"categories":[{"name":"Product defects","matchedStatuses":[],"flaky":false}],"history":{"statistic":{"failed":26,"broken":0,"skipped":0,"passed":0,"unknown":0,"total":26},"items":[{"uid":"b5d4ac9a84ea0b2e","reportUrl":"https://aaryaa-infobeans.github.io/SMBC-IntelliTest/18//#testresult/b5d4ac9a84ea0b2e","status":"failed","statusDetails":"AssertionError: Locator expected to be visible\nActual value: <element(s) not found> \nCall log:\n  - Expect \"to_be_visible\" with timeout 5000ms\n  - waiting for locator(\"//a[.='Continue Shopping']\")","time":{"start":1759166146484,"stop":1759166151866,"duration":5382}},{"uid":"87ffb8f40e186ecd","reportUrl":"https://aaryaa-infobeans.github.io/SMBC-IntelliTest/17//#testresult/87ffb8f40e186ecd","status":"failed","statusDetails":"AssertionError: Fill action failed for '#passwd': Page.wait_for_selector: Timeout 5000ms exceeded.\nCall log:\n  - waiting for locator(\"#passwd\") to be visible","time":{"start":1759163215953,"stop":1759163215953,"duration":0}},{"uid":"d47a35ab708c071a","reportUrl":"https://aaryaa-infobeans.github.io/SMBC-IntelliTest/16//#testresult/d47a35ab708c071a","status":"failed","statusDetails":"AssertionError: Fill action failed for '#passwd': Page.wait_for_selector: Timeout 5000ms exceeded.\nCall log:\n  - waiting for locator(\"#passwd\") to be visible","time":{"start":1759162154420,"stop":1759162154420,"duration":0}},{"uid":"1e0e5550d7adae41","reportUrl":"https://aaryaa-infobeans.github.io/SMBC-IntelliTest/15//#testresult/1e0e5550d7adae41","status":"failed","statusDetails":"AssertionError: Fill action failed for '#passwd': Page.wait_for_selector: Timeout 5000ms exceeded.\nCall log:\n  - waiting for locator(\"#passwd\") to be visible","time":{"start":1759161361671,"stop":1759161361671,"duration":0}},{"uid":"9a307941fd3b18eb","reportUrl":"https://aaryaa-infobeans.github.io/SMBC-IntelliTest/14//#testresult/9a307941fd3b18eb","status":"failed","statusDetails":"AssertionError: Fill action failed for '#passwd': Page.wait_for_selector: Timeout 5000ms exceeded.\nCall log:\n  - waiting for locator(\"#passwd\") to be visible","time":{"start":1759159934805,"stop":1759159934805,"duration":0}},{"uid":"336b3b56e5b9b0c6","reportUrl":"https://aaryaa-infobeans.github.io/SMBC-IntelliTest/13//#testresult/336b3b56e5b9b0c6","status":"failed","statusDetails":"AssertionError: Fill action failed for '#passwd': Page.wait_for_selector: Timeout 5000ms exceeded.\nCall log:\n  - waiting for locator(\"#passwd\") to be visible","time":{"start":1759156647528,"stop":1759156647528,"duration":0}},{"uid":"38ca694cbccddc6","reportUrl":"https://aaryaa-infobeans.github.io/SMBC-IntelliTest/12//#testresult/38ca694cbccddc6","status":"failed","statusDetails":"AssertionError: Fill action failed for '#passwd': Page.wait_for_selector: Timeout 5000ms exceeded.\nCall log:\n  - waiting for locator(\"#passwd\") to be visible","time":{"start":1759154434707,"stop":1759154434707,"duration":0}},{"uid":"362561f13df092e1","reportUrl":"https://aaryaa-infobeans.github.io/SMBC-IntelliTest/11//#testresult/362561f13df092e1","status":"failed","statusDetails":"AssertionError: Fill action failed for '#passwd': Page.wait_for_selector: Timeout 5000ms exceeded.\nCall log:\n  - waiting for locator(\"#passwd\") to be visible","time":{"start":1759152459736,"stop":1759152459736,"duration":0}},{"uid":"b131ea47e26e2434","reportUrl":"https://aaryaa-infobeans.github.io/SMBC-IntelliTest/10//#testresult/b131ea47e26e2434","status":"failed","statusDetails":"AssertionError: Fill action failed for '#passwd': Page.wait_for_selector: Timeout 5000ms exceeded.\nCall log:\n  - waiting for locator(\"#passwd\") to be visible","time":{"start":1759151333035,"stop":1759151333035,"duration":0}},{"uid":"5b4fbfedccf70e31","reportUrl":"https://aaryaa-infobeans.github.io/SMBC-IntelliTest/9//#testresult/5b4fbfedccf70e31","status":"failed","statusDetails":"AssertionError: Fill action failed for '#passwd': Page.wait_for_selector: Timeout 5000ms exceeded.\nCall log:\n  - waiting for locator(\"#passwd\") to be visible","time":{"start":1759149712639,"stop":1759149712639,"duration":0}},{"uid":"895bdea707dbba2c","reportUrl":"https://aaryaa-infobeans.github.io/SMBC-IntelliTest/7//#testresult/895bdea707dbba2c","status":"failed","statusDetails":"AssertionError: Fill action failed for '#passwd': Page.wait_for_selector: Timeout 5000ms exceeded.\nCall log:\n  - waiting for locator(\"#passwd\") to be visible","time":{"start":1759145824745,"stop":1759145824745,"duration":0}},{"uid":"a9dd315746be7e8","reportUrl":"https://aaryaa-infobeans.github.io/SMBC-IntelliTest/7//#testresult/a9dd315746be7e8","status":"failed","statusDetails":"AssertionError: Fill action failed for '#passwd': Page.wait_for_selector: Timeout 5000ms exceeded.\nCall log:\n  - waiting for locator(\"#passwd\") to be visible","time":{"start":1759145242654,"stop":1759145242654,"duration":0}},{"uid":"9bfac82a8e130c4","reportUrl":"https://aaryaa-infobeans.github.io/SMBC-IntelliTest/6//#testresult/9bfac82a8e130c4","status":"failed","statusDetails":"AssertionError: Locator expected to be visible\nActual value: <element(s) not found> \nCall log:\n  - Expect \"to_be_visible\" with timeout 5000ms\n  - waiting for locator(\"//a[.='Continue Shopping']\")","time":{"start":1759141955136,"stop":1759141960606,"duration":5470}},{"uid":"82f7d70dac219363","reportUrl":"https://aaryaa-infobeans.github.io/SMBC-IntelliTest/5//#testresult/82f7d70dac219363","status":"failed","statusDetails":"AssertionError: Locator expected to be visible\nActual value: <element(s) not found> \nCall log:\n  - Expect \"to_be_visible\" with timeout 5000ms\n  - waiting for locator(\"//a[.='Continue Shopping']\")","time":{"start":1759140827478,"stop":1759140832808,"duration":5330}},{"uid":"f5c5c54eb4b49424","reportUrl":"https://aaryaa-infobeans.github.io/SMBC-IntelliTest/3//#testresult/f5c5c54eb4b49424","status":"failed","statusDetails":"AssertionError: Locator expected to be visible\nActual value: <element(s) not found> \nCall log:\n  - Expect \"to_be_visible\" with timeout 5000ms\n  - waiting for locator(\"//a[.='Continue Shopping']\")","time":{"start":1759138549696,"stop":1759138555193,"duration":5497}},{"uid":"c143cae74a1df229","reportUrl":"https://aaryaa-infobeans.github.io/SMBC-IntelliTest/2//#testresult/c143cae74a1df229","status":"failed","statusDetails":"AssertionError: Locator expected to be visible\nActual value: <element(s) not found> \nCall log:\n  - Expect \"to_be_visible\" with timeout 5000ms\n  - waiting for locator(\"//a[.='Continue Shopping']\")","time":{"start":1759135073410,"stop":1759135078950,"duration":5540}},{"uid":"5cbf30c7c4f159fe","reportUrl":"https://aaryaa-infobeans.github.io/SMBC-IntelliTest/9//#testresult/5cbf30c7c4f159fe","status":"failed","statusDetails":"AssertionError: Locator expected to be visible\nActual value: <element(s) not found> \nCall log:\n  - Expect \"to_be_visible\" with timeout 5000ms\n  - waiting for locator(\"//a[.='Continue Shopping']\")","time":{"start":1759128101841,"stop":1759128107392,"duration":5551}},{"uid":"3e688acf2fd004e7","reportUrl":"https://aaryaa-infobeans.github.io/SMBC-IntelliTest/8//#testresult/3e688acf2fd004e7","status":"failed","statusDetails":"AssertionError: Locator expected to be visible\nActual value: <element(s) not found> \nCall log:\n  - Expect \"to_be_visible\" with timeout 5000ms\n  - waiting for locator(\"//a[.='Continue Shopping']\")","time":{"start":1758992457153,"stop":1758992462499,"duration":5346}},{"uid":"674b77155f86567d","reportUrl":"https://aaryaa-infobeans.github.io/SMBC-IntelliTest/8//#testresult/674b77155f86567d","status":"failed","statusDetails":"AssertionError: Fill action failed for '#passwd': Page.wait_for_selector: Timeout 5000ms exceeded.\nCall log:\n  - waiting for locator(\"#passwd\") to be visible","time":{"start":1758992177140,"stop":1758992177140,"duration":0}},{"uid":"3572fb1a3a1965f5","reportUrl":"https://aaryaa-infobeans.github.io/SMBC-IntelliTest/7//#testresult/3572fb1a3a1965f5","status":"failed","statusDetails":"AssertionError: Fill action failed for '#passwd': Page.wait_for_selector: Timeout 5000ms exceeded.\nCall log:\n  - waiting for locator(\"#passwd\") to be visible","time":{"start":1758992067819,"stop":1758992067819,"duration":0}}]},"tags":["ui_validation","regression"]},"source":"b50dba78d8673731.json","parameterValues":[]}